  [1m[35mSQL (0.4ms)[0m  [1m[35mCREATE EXTENSION IF NOT EXISTS "plpgsql"[0m
  [1m[35m (0.3ms)[0m  [1m[35mDROP TABLE IF EXISTS "chirps" CASCADE[0m
  [1m[35m (12.4ms)[0m  [1m[35mCREATE TABLE "chirps" ("id" bigserial primary key, "body" text NOT NULL, "author_id" integer NOT NULL, "created_at" timestamp NOT NULL, "updated_at" timestamp NOT NULL)[0m
  [1m[35m (2.4ms)[0m  [1m[35mCREATE  INDEX  "index_chirps_on_author_id" ON "chirps"  ("author_id")[0m
  [1m[35m (0.2ms)[0m  [1m[35mDROP TABLE IF EXISTS "follows" CASCADE[0m
  [1m[35m (2.7ms)[0m  [1m[35mCREATE TABLE "follows" ("id" bigserial primary key, "follower_id" integer NOT NULL, "followee_id" integer NOT NULL, "created_at" timestamp NOT NULL, "updated_at" timestamp NOT NULL)[0m
  [1m[35m (0.9ms)[0m  [1m[35mCREATE  INDEX  "index_follows_on_followee_id" ON "follows"  ("followee_id")[0m
  [1m[35m (1.0ms)[0m  [1m[35mCREATE  INDEX  "index_follows_on_follower_id" ON "follows"  ("follower_id")[0m
  [1m[35m (0.2ms)[0m  [1m[35mDROP TABLE IF EXISTS "likes" CASCADE[0m
  [1m[35m (3.7ms)[0m  [1m[35mCREATE TABLE "likes" ("id" bigserial primary key, "user_id" integer NOT NULL, "chirp_id" integer NOT NULL, "created_at" timestamp NOT NULL, "updated_at" timestamp NOT NULL)[0m
  [1m[35m (0.2ms)[0m  [1m[35mDROP TABLE IF EXISTS "users" CASCADE[0m
  [1m[35m (4.9ms)[0m  [1m[35mCREATE TABLE "users" ("id" bigserial primary key, "username" character varying NOT NULL, "email" character varying, "password_digest" character varying, "session_token" character varying)[0m
  [1m[35m (1.4ms)[0m  [1m[35mCREATE  INDEX  "index_users_on_session_token" ON "users"  ("session_token")[0m
  [1m[35m (0.9ms)[0m  [1m[35mCREATE UNIQUE INDEX  "index_users_on_username" ON "users"  ("username")[0m
  [1m[35m (2.9ms)[0m  [1m[35mCREATE TABLE "schema_migrations" ("version" character varying NOT NULL PRIMARY KEY)[0m
  [1m[35m (1.1ms)[0m  [1m[34mSELECT "schema_migrations"."version" FROM "schema_migrations" ORDER BY "schema_migrations"."version" ASC[0m
  [1m[35m (0.8ms)[0m  [1m[32mINSERT INTO "schema_migrations" (version) VALUES (20170828221731)[0m
  [1m[35m (1.0ms)[0m  [1m[32mINSERT INTO "schema_migrations" (version) VALUES
(20170816164052),
(20170816174156),
(20170816170838),
(20170816171327),
(20170816162825),
(20170823202541);

[0m
  [1m[35m (6.0ms)[0m  [1m[35mCREATE TABLE "ar_internal_metadata" ("key" character varying NOT NULL PRIMARY KEY, "value" character varying, "created_at" timestamp NOT NULL, "updated_at" timestamp NOT NULL)[0m
  [1m[36mActiveRecord::InternalMetadata Load (0.4ms)[0m  [1m[34mSELECT  "ar_internal_metadata".* FROM "ar_internal_metadata" WHERE "ar_internal_metadata"."key" = $1 LIMIT $2[0m  [["key", "environment"], ["LIMIT", 1]]
  [1m[35m (0.2ms)[0m  [1m[35mBEGIN[0m
  [1m[35mSQL (0.6ms)[0m  [1m[32mINSERT INTO "ar_internal_metadata" ("key", "value", "created_at", "updated_at") VALUES ($1, $2, $3, $4) RETURNING "key"[0m  [["key", "environment"], ["value", "development"], ["created_at", "2018-08-03 16:36:01.378664"], ["updated_at", "2018-08-03 16:36:01.378664"]]
  [1m[35m (0.4ms)[0m  [1m[35mCOMMIT[0m
  [1m[36mActiveRecord::InternalMetadata Load (0.2ms)[0m  [1m[34mSELECT  "ar_internal_metadata".* FROM "ar_internal_metadata" WHERE "ar_internal_metadata"."key" = $1 LIMIT $2[0m  [["key", "environment"], ["LIMIT", 1]]
  [1m[35m (0.1ms)[0m  [1m[35mBEGIN[0m
  [1m[35m (0.1ms)[0m  [1m[35mCOMMIT[0m
  [1m[35mSQL (0.7ms)[0m  [1m[35mCREATE EXTENSION IF NOT EXISTS "plpgsql"[0m
  [1m[35m (0.2ms)[0m  [1m[35mDROP TABLE IF EXISTS "chirps" CASCADE[0m
  [1m[35m (8.8ms)[0m  [1m[35mCREATE TABLE "chirps" ("id" bigserial primary key, "body" text NOT NULL, "author_id" integer NOT NULL, "created_at" timestamp NOT NULL, "updated_at" timestamp NOT NULL)[0m
  [1m[35m (1.4ms)[0m  [1m[35mCREATE  INDEX  "index_chirps_on_author_id" ON "chirps"  ("author_id")[0m
  [1m[35m (0.2ms)[0m  [1m[35mDROP TABLE IF EXISTS "follows" CASCADE[0m
  [1m[35m (3.3ms)[0m  [1m[35mCREATE TABLE "follows" ("id" bigserial primary key, "follower_id" integer NOT NULL, "followee_id" integer NOT NULL, "created_at" timestamp NOT NULL, "updated_at" timestamp NOT NULL)[0m
  [1m[35m (1.2ms)[0m  [1m[35mCREATE  INDEX  "index_follows_on_followee_id" ON "follows"  ("followee_id")[0m
  [1m[35m (1.3ms)[0m  [1m[35mCREATE  INDEX  "index_follows_on_follower_id" ON "follows"  ("follower_id")[0m
  [1m[35m (0.2ms)[0m  [1m[35mDROP TABLE IF EXISTS "likes" CASCADE[0m
  [1m[35m (3.1ms)[0m  [1m[35mCREATE TABLE "likes" ("id" bigserial primary key, "user_id" integer NOT NULL, "chirp_id" integer NOT NULL, "created_at" timestamp NOT NULL, "updated_at" timestamp NOT NULL)[0m
  [1m[35m (0.4ms)[0m  [1m[35mDROP TABLE IF EXISTS "users" CASCADE[0m
  [1m[35m (4.0ms)[0m  [1m[35mCREATE TABLE "users" ("id" bigserial primary key, "username" character varying NOT NULL, "email" character varying, "password_digest" character varying, "session_token" character varying)[0m
  [1m[35m (1.2ms)[0m  [1m[35mCREATE  INDEX  "index_users_on_session_token" ON "users"  ("session_token")[0m
  [1m[35m (1.3ms)[0m  [1m[35mCREATE UNIQUE INDEX  "index_users_on_username" ON "users"  ("username")[0m
  [1m[35m (3.2ms)[0m  [1m[35mCREATE TABLE "schema_migrations" ("version" character varying NOT NULL PRIMARY KEY)[0m
  [1m[35m (0.8ms)[0m  [1m[34mSELECT "schema_migrations"."version" FROM "schema_migrations" ORDER BY "schema_migrations"."version" ASC[0m
  [1m[35m (0.8ms)[0m  [1m[32mINSERT INTO "schema_migrations" (version) VALUES (20170828221731)[0m
  [1m[35m (0.5ms)[0m  [1m[32mINSERT INTO "schema_migrations" (version) VALUES
(20170816164052),
(20170816174156),
(20170816170838),
(20170816171327),
(20170816162825),
(20170823202541);

[0m
  [1m[35m (3.0ms)[0m  [1m[35mCREATE TABLE "ar_internal_metadata" ("key" character varying NOT NULL PRIMARY KEY, "value" character varying, "created_at" timestamp NOT NULL, "updated_at" timestamp NOT NULL)[0m
  [1m[36mActiveRecord::InternalMetadata Load (0.4ms)[0m  [1m[34mSELECT  "ar_internal_metadata".* FROM "ar_internal_metadata" WHERE "ar_internal_metadata"."key" = $1 LIMIT $2[0m  [["key", "environment"], ["LIMIT", 1]]
  [1m[35m (0.1ms)[0m  [1m[35mBEGIN[0m
  [1m[35mSQL (0.9ms)[0m  [1m[32mINSERT INTO "ar_internal_metadata" ("key", "value", "created_at", "updated_at") VALUES ($1, $2, $3, $4) RETURNING "key"[0m  [["key", "environment"], ["value", "development"], ["created_at", "2018-08-03 16:36:01.467830"], ["updated_at", "2018-08-03 16:36:01.467830"]]
  [1m[35m (0.3ms)[0m  [1m[35mCOMMIT[0m
  [1m[36mActiveRecord::InternalMetadata Load (0.2ms)[0m  [1m[34mSELECT  "ar_internal_metadata".* FROM "ar_internal_metadata" WHERE "ar_internal_metadata"."key" = $1 LIMIT $2[0m  [["key", "environment"], ["LIMIT", 1]]
  [1m[35m (0.1ms)[0m  [1m[35mBEGIN[0m
  [1m[35mSQL (0.3ms)[0m  [1m[33mUPDATE "ar_internal_metadata" SET "value" = $1, "updated_at" = $2 WHERE "ar_internal_metadata"."key" = $3[0m  [["value", "test"], ["updated_at", "2018-08-03 16:36:01.471751"], ["key", "environment"]]
  [1m[35m (0.3ms)[0m  [1m[35mCOMMIT[0m
  [1m[35m (1.1ms)[0m  [1m[34mSELECT "schema_migrations"."version" FROM "schema_migrations" ORDER BY "schema_migrations"."version" ASC[0m
  [1m[36mUser Load (9.6ms)[0m  [1m[34mSELECT "users".* FROM "users"[0m
  [1m[36mChirp Load (0.8ms)[0m  [1m[34mSELECT "chirps".* FROM "chirps"[0m
  [1m[36mLike Load (0.9ms)[0m  [1m[34mSELECT "likes".* FROM "likes"[0m
  [1m[35m (0.4ms)[0m  [1m[35mBEGIN[0m
  [1m[36mUser Exists (1.2ms)[0m  [1m[34mSELECT  1 AS one FROM "users" WHERE "users"."username" = $1 LIMIT $2[0m  [["username", "Avelina Quitzon"], ["LIMIT", 1]]
  [1m[35mSQL (1.7ms)[0m  [1m[32mINSERT INTO "users" ("username", "email", "password_digest", "session_token") VALUES ($1, $2, $3, $4) RETURNING "id"[0m  [["username", "Avelina Quitzon"], ["email", "grant@stroman.org"], ["password_digest", "$2a$10$9YzyGjoFKWjjpgfWD8AcJufYbIDGBGNnOElMVGyQIqDOipovAvtSe"], ["session_token", "v_DV0uxYkyBIatRNik0eYw"]]
  [1m[35m (0.5ms)[0m  [1m[35mCOMMIT[0m
  [1m[35m (0.2ms)[0m  [1m[35mBEGIN[0m
  [1m[36mUser Exists (0.5ms)[0m  [1m[34mSELECT  1 AS one FROM "users" WHERE "users"."username" = $1 LIMIT $2[0m  [["username", "Renita Jacobson MD"], ["LIMIT", 1]]
  [1m[35mSQL (0.5ms)[0m  [1m[32mINSERT INTO "users" ("username", "email", "password_digest", "session_token") VALUES ($1, $2, $3, $4) RETURNING "id"[0m  [["username", "Renita Jacobson MD"], ["email", "alleen@hillsmueller.net"], ["password_digest", "$2a$10$MVDUL9bEf6csiCFdBui7DO3flwFyW6RNE3M1DnUDCjwcKE6ggxpgC"], ["session_token", "DK5QFvDrp9xpmpneIHM1rg"]]
  [1m[35m (0.4ms)[0m  [1m[35mCOMMIT[0m
  [1m[35m (0.2ms)[0m  [1m[35mBEGIN[0m
  [1m[36mUser Exists (0.4ms)[0m  [1m[34mSELECT  1 AS one FROM "users" WHERE "users"."username" = $1 LIMIT $2[0m  [["username", "Cecil O'Conner"], ["LIMIT", 1]]
  [1m[35mSQL (0.5ms)[0m  [1m[32mINSERT INTO "users" ("username", "email", "password_digest", "session_token") VALUES ($1, $2, $3, $4) RETURNING "id"[0m  [["username", "Cecil O'Conner"], ["email", "timkiehn@yost.io"], ["password_digest", "$2a$10$qxs08h8a0hLgRSBezUWUQeMoGBhD81ZsR6G6f2K8AT0PK5YqKbOdi"], ["session_token", "6DMV4DPC3_MD-ixgqJ-dYA"]]
  [1m[35m (0.7ms)[0m  [1m[35mCOMMIT[0m
  [1m[35m (0.3ms)[0m  [1m[35mBEGIN[0m
  [1m[36mUser Exists (0.8ms)[0m  [1m[34mSELECT  1 AS one FROM "users" WHERE "users"."username" = $1 LIMIT $2[0m  [["username", "Sharolyn Brekke"], ["LIMIT", 1]]
  [1m[35mSQL (0.5ms)[0m  [1m[32mINSERT INTO "users" ("username", "email", "password_digest", "session_token") VALUES ($1, $2, $3, $4) RETURNING "id"[0m  [["username", "Sharolyn Brekke"], ["email", "rachal@shields.biz"], ["password_digest", "$2a$10$dafV2ikRo93sG7I0HdufieBNMXtDq88y8GY3wjOnvbn23euPA8fXe"], ["session_token", "znL3e5blCqsJCFtJSN7fVg"]]
  [1m[35m (1.7ms)[0m  [1m[35mCOMMIT[0m
  [1m[35m (0.2ms)[0m  [1m[35mBEGIN[0m
  [1m[36mUser Exists (0.4ms)[0m  [1m[34mSELECT  1 AS one FROM "users" WHERE "users"."username" = $1 LIMIT $2[0m  [["username", "Miss Allen Dietrich"], ["LIMIT", 1]]
  [1m[35mSQL (0.5ms)[0m  [1m[32mINSERT INTO "users" ("username", "email", "password_digest", "session_token") VALUES ($1, $2, $3, $4) RETURNING "id"[0m  [["username", "Miss Allen Dietrich"], ["email", "bradleyhintz@nader.name"], ["password_digest", "$2a$10$KDRi1IPcyUaDU5vjArZokOI7Z2EEWabDnu5KXyq2n49n5O5aSmHbW"], ["session_token", "xARY-feY5p215e-RYX6QRQ"]]
  [1m[35m (0.6ms)[0m  [1m[35mCOMMIT[0m
  [1m[35m (0.2ms)[0m  [1m[35mBEGIN[0m
  [1m[36mUser Exists (0.5ms)[0m  [1m[34mSELECT  1 AS one FROM "users" WHERE "users"."username" = $1 LIMIT $2[0m  [["username", "Samual Cormier"], ["LIMIT", 1]]
  [1m[35mSQL (0.4ms)[0m  [1m[32mINSERT INTO "users" ("username", "email", "password_digest", "session_token") VALUES ($1, $2, $3, $4) RETURNING "id"[0m  [["username", "Samual Cormier"], ["email", "kymberly@murphy.io"], ["password_digest", "$2a$10$icuYNu7jyAFqf3Nox7H9muw3adHRTpx1beenAIanP9IuOnOpJj3Jq"], ["session_token", "yTeOeUbq-i6ETFLNa56y3A"]]
  [1m[35m (0.7ms)[0m  [1m[35mCOMMIT[0m
  [1m[35m (0.2ms)[0m  [1m[35mBEGIN[0m
  [1m[36mUser Exists (0.5ms)[0m  [1m[34mSELECT  1 AS one FROM "users" WHERE "users"."username" = $1 LIMIT $2[0m  [["username", "Kirstie Runolfsdottir II"], ["LIMIT", 1]]
  [1m[35mSQL (0.5ms)[0m  [1m[32mINSERT INTO "users" ("username", "email", "password_digest", "session_token") VALUES ($1, $2, $3, $4) RETURNING "id"[0m  [["username", "Kirstie Runolfsdottir II"], ["email", "quintinabbott@fay.biz"], ["password_digest", "$2a$10$MCUva8vPp57cIk2hTZQm6usfJLkivFM7iVgXHOA258qxuAZU2PJSu"], ["session_token", "watW56vQlN0yi9gFYe9CSQ"]]
  [1m[35m (0.6ms)[0m  [1m[35mCOMMIT[0m
  [1m[35m (0.3ms)[0m  [1m[35mBEGIN[0m
  [1m[36mUser Exists (0.5ms)[0m  [1m[34mSELECT  1 AS one FROM "users" WHERE "users"."username" = $1 LIMIT $2[0m  [["username", "Tyler Kuphal"], ["LIMIT", 1]]
  [1m[35mSQL (0.4ms)[0m  [1m[32mINSERT INTO "users" ("username", "email", "password_digest", "session_token") VALUES ($1, $2, $3, $4) RETURNING "id"[0m  [["username", "Tyler Kuphal"], ["email", "susie@heidenreich.com"], ["password_digest", "$2a$10$IC0zh45NAPRTDV4lsbsQF.Io10GGIlgrlIG4LQPC9TKlmTqMaOme2"], ["session_token", "WYcaBirMkJC5U3-4FQxEWg"]]
  [1m[35m (0.8ms)[0m  [1m[35mCOMMIT[0m
  [1m[35m (0.2ms)[0m  [1m[35mBEGIN[0m
  [1m[36mUser Exists (0.5ms)[0m  [1m[34mSELECT  1 AS one FROM "users" WHERE "users"."username" = $1 LIMIT $2[0m  [["username", "Lyndon Rempel"], ["LIMIT", 1]]
  [1m[35mSQL (0.5ms)[0m  [1m[32mINSERT INTO "users" ("username", "email", "password_digest", "session_token") VALUES ($1, $2, $3, $4) RETURNING "id"[0m  [["username", "Lyndon Rempel"], ["email", "cletusferry@franecki.info"], ["password_digest", "$2a$10$q9vtZCvvtDgunhMK3sQSk.GHTFqyoeTpjSQhFEjqaYDJsTGssjFaK"], ["session_token", "yb_TSyuUP5W8WAMxY-HLJA"]]
  [1m[35m (0.6ms)[0m  [1m[35mCOMMIT[0m
  [1m[35m (0.2ms)[0m  [1m[35mBEGIN[0m
  [1m[36mUser Load (0.3ms)[0m  [1m[34mSELECT  "users".* FROM "users" WHERE "users"."id" = $1 LIMIT $2[0m  [["id", 1], ["LIMIT", 1]]
  [1m[35m (0.2ms)[0m  [1m[31mROLLBACK[0m
  [1m[35m (0.2ms)[0m  [1m[35mBEGIN[0m
  [1m[36mUser Load (0.3ms)[0m  [1m[34mSELECT  "users".* FROM "users" WHERE "users"."id" = $1 LIMIT $2[0m  [["id", 1], ["LIMIT", 1]]
  [1m[35mSQL (1.4ms)[0m  [1m[32mINSERT INTO "chirps" ("body", "author_id", "created_at", "updated_at") VALUES ($1, $2, $3, $4) RETURNING "id"[0m  [["body", "It takes a great deal of bravery to stand up to our enemies, but just as much to stand up to our friends."], ["author_id", 1], ["created_at", "2018-08-03 16:36:02.953856"], ["updated_at", "2018-08-03 16:36:02.953856"]]
  [1m[35m (0.4ms)[0m  [1m[35mCOMMIT[0m
  [1m[35m (0.2ms)[0m  [1m[35mBEGIN[0m
  [1m[36mUser Load (0.3ms)[0m  [1m[34mSELECT  "users".* FROM "users" WHERE "users"."id" = $1 LIMIT $2[0m  [["id", 1], ["LIMIT", 1]]
  [1m[35mSQL (0.4ms)[0m  [1m[32mINSERT INTO "chirps" ("body", "author_id", "created_at", "updated_at") VALUES ($1, $2, $3, $4) RETURNING "id"[0m  [["body", "It is the unknown we fear when we look upon death and darkness, nothing more."], ["author_id", 1], ["created_at", "2018-08-03 16:36:02.959464"], ["updated_at", "2018-08-03 16:36:02.959464"]]
  [1m[35m (0.4ms)[0m  [1m[35mCOMMIT[0m
  [1m[35m (0.1ms)[0m  [1m[35mBEGIN[0m
  [1m[36mUser Load (0.4ms)[0m  [1m[34mSELECT  "users".* FROM "users" WHERE "users"."id" = $1 LIMIT $2[0m  [["id", 2], ["LIMIT", 1]]
  [1m[35m (0.2ms)[0m  [1m[31mROLLBACK[0m
  [1m[35m (0.2ms)[0m  [1m[35mBEGIN[0m
  [1m[36mUser Load (0.4ms)[0m  [1m[34mSELECT  "users".* FROM "users" WHERE "users"."id" = $1 LIMIT $2[0m  [["id", 2], ["LIMIT", 1]]
  [1m[35mSQL (0.7ms)[0m  [1m[32mINSERT INTO "chirps" ("body", "author_id", "created_at", "updated_at") VALUES ($1, $2, $3, $4) RETURNING "id"[0m  [["body", "We’ve all got both light and dark inside us. What matters is the part we choose to act on. That’s who we really are."], ["author_id", 2], ["created_at", "2018-08-03 16:36:02.967215"], ["updated_at", "2018-08-03 16:36:02.967215"]]
  [1m[35m (5.5ms)[0m  [1m[35mCOMMIT[0m
  [1m[35m (0.2ms)[0m  [1m[35mBEGIN[0m
  [1m[36mUser Load (0.3ms)[0m  [1m[34mSELECT  "users".* FROM "users" WHERE "users"."id" = $1 LIMIT $2[0m  [["id", 2], ["LIMIT", 1]]
  [1m[35mSQL (0.4ms)[0m  [1m[32mINSERT INTO "chirps" ("body", "author_id", "created_at", "updated_at") VALUES ($1, $2, $3, $4) RETURNING "id"[0m  [["body", "Just because you have the emotional range of a teaspoon doesn’t mean we all have."], ["author_id", 2], ["created_at", "2018-08-03 16:36:02.977429"], ["updated_at", "2018-08-03 16:36:02.977429"]]
  [1m[35m (0.4ms)[0m  [1m[35mCOMMIT[0m
  [1m[35m (0.2ms)[0m  [1m[35mBEGIN[0m
  [1m[36mUser Load (0.4ms)[0m  [1m[34mSELECT  "users".* FROM "users" WHERE "users"."id" = $1 LIMIT $2[0m  [["id", 3], ["LIMIT", 1]]
  [1m[35m (0.2ms)[0m  [1m[31mROLLBACK[0m
  [1m[35m (0.1ms)[0m  [1m[35mBEGIN[0m
  [1m[36mChirp Load (0.3ms)[0m  [1m[34mSELECT  "chirps".* FROM "chirps" WHERE "chirps"."id" = $1 LIMIT $2[0m  [["id", 1], ["LIMIT", 1]]
  [1m[36mUser Load (0.3ms)[0m  [1m[34mSELECT  "users".* FROM "users" WHERE "users"."id" = $1 LIMIT $2[0m  [["id", 4], ["LIMIT", 1]]
  [1m[35mSQL (0.9ms)[0m  [1m[32mINSERT INTO "likes" ("user_id", "chirp_id", "created_at", "updated_at") VALUES ($1, $2, $3, $4) RETURNING "id"[0m  [["user_id", 4], ["chirp_id", 1], ["created_at", "2018-08-03 16:36:03.009852"], ["updated_at", "2018-08-03 16:36:03.009852"]]
  [1m[35m (0.8ms)[0m  [1m[35mCOMMIT[0m
  [1m[35m (0.1ms)[0m  [1m[35mBEGIN[0m
  [1m[36mChirp Load (0.3ms)[0m  [1m[34mSELECT  "chirps".* FROM "chirps" WHERE "chirps"."id" = $1 LIMIT $2[0m  [["id", 2], ["LIMIT", 1]]
  [1m[36mUser Load (0.4ms)[0m  [1m[34mSELECT  "users".* FROM "users" WHERE "users"."id" = $1 LIMIT $2[0m  [["id", 5], ["LIMIT", 1]]
  [1m[35mSQL (0.4ms)[0m  [1m[32mINSERT INTO "likes" ("user_id", "chirp_id", "created_at", "updated_at") VALUES ($1, $2, $3, $4) RETURNING "id"[0m  [["user_id", 5], ["chirp_id", 2], ["created_at", "2018-08-03 16:36:03.016789"], ["updated_at", "2018-08-03 16:36:03.016789"]]
  [1m[35m (0.4ms)[0m  [1m[35mCOMMIT[0m
  [1m[35m (0.1ms)[0m  [1m[35mBEGIN[0m
  [1m[36mChirp Load (0.4ms)[0m  [1m[34mSELECT  "chirps".* FROM "chirps" WHERE "chirps"."id" = $1 LIMIT $2[0m  [["id", 2], ["LIMIT", 1]]
  [1m[36mUser Load (0.3ms)[0m  [1m[34mSELECT  "users".* FROM "users" WHERE "users"."id" = $1 LIMIT $2[0m  [["id", 3], ["LIMIT", 1]]
  [1m[35mSQL (0.4ms)[0m  [1m[32mINSERT INTO "likes" ("user_id", "chirp_id", "created_at", "updated_at") VALUES ($1, $2, $3, $4) RETURNING "id"[0m  [["user_id", 3], ["chirp_id", 2], ["created_at", "2018-08-03 16:36:03.022258"], ["updated_at", "2018-08-03 16:36:03.022258"]]
  [1m[35m (0.4ms)[0m  [1m[35mCOMMIT[0m
  [1m[35m (0.1ms)[0m  [1m[35mBEGIN[0m
  [1m[36mUser Load (0.4ms)[0m  [1m[34mSELECT  "users".* FROM "users" WHERE "users"."id" = $1 LIMIT $2[0m  [["id", 4], ["LIMIT", 1]]
  [1m[35m (0.2ms)[0m  [1m[31mROLLBACK[0m
  [1m[35m (0.1ms)[0m  [1m[35mBEGIN[0m
  [1m[36mChirp Load (0.3ms)[0m  [1m[34mSELECT  "chirps".* FROM "chirps" WHERE "chirps"."id" = $1 LIMIT $2[0m  [["id", 1], ["LIMIT", 1]]
  [1m[36mUser Load (0.2ms)[0m  [1m[34mSELECT  "users".* FROM "users" WHERE "users"."id" = $1 LIMIT $2[0m  [["id", 5], ["LIMIT", 1]]
  [1m[35mSQL (0.4ms)[0m  [1m[32mINSERT INTO "likes" ("user_id", "chirp_id", "created_at", "updated_at") VALUES ($1, $2, $3, $4) RETURNING "id"[0m  [["user_id", 5], ["chirp_id", 1], ["created_at", "2018-08-03 16:36:03.031189"], ["updated_at", "2018-08-03 16:36:03.031189"]]
  [1m[35m (0.4ms)[0m  [1m[35mCOMMIT[0m
Started GET "/" for 127.0.0.1 at 2018-08-03 09:37:28 -0700
  [1m[35m (0.7ms)[0m  [1m[34mSELECT "schema_migrations"."version" FROM "schema_migrations" ORDER BY "schema_migrations"."version" ASC[0m
Processing by RootController#root as HTML
  Rendering root/root.html.erb within layouts/application
  Rendered root/root.html.erb within layouts/application (2.1ms)
Completed 200 OK in 1771ms (Views: 1768.3ms | ActiveRecord: 0.0ms)


Started GET "/" for 127.0.0.1 at 2018-08-03 10:00:29 -0700
Processing by RootController#root as HTML
  Rendering root/root.html.erb within layouts/application
  Rendered root/root.html.erb within layouts/application (2.5ms)
Completed 200 OK in 422ms (Views: 416.0ms | ActiveRecord: 0.0ms)


Started GET "/" for 127.0.0.1 at 2018-08-03 10:07:52 -0700
Processing by RootController#root as HTML
  Rendering root/root.html.erb within layouts/application
  Rendered root/root.html.erb within layouts/application (0.8ms)
Completed 200 OK in 54ms (Views: 51.7ms | ActiveRecord: 0.0ms)


Started GET "/" for 127.0.0.1 at 2018-08-03 10:09:47 -0700
Processing by RootController#root as HTML
  Rendering root/root.html.erb within layouts/application
  Rendered root/root.html.erb within layouts/application (0.9ms)
Completed 200 OK in 288ms (Views: 285.9ms | ActiveRecord: 0.0ms)


Started GET "/" for 127.0.0.1 at 2018-08-03 10:10:17 -0700
Processing by RootController#root as HTML
  Rendering root/root.html.erb within layouts/application
  Rendered root/root.html.erb within layouts/application (0.3ms)
Completed 200 OK in 299ms (Views: 296.1ms | ActiveRecord: 0.0ms)


Started POST "/api/users" for 127.0.0.1 at 2018-08-03 10:10:24 -0700
Processing by Api::UsersController#create as JSON
  Parameters: {"user"=>{"username"=>"a", "email"=>"a@email.com", "password"=>"[FILTERED]"}}
  [1m[35m (0.2ms)[0m  [1m[35mBEGIN[0m
  [1m[36mUser Exists (1.2ms)[0m  [1m[34mSELECT  1 AS one FROM "users" WHERE "users"."username" = $1 LIMIT $2[0m  [["username", "a"], ["LIMIT", 1]]
  [1m[35mSQL (1.5ms)[0m  [1m[32mINSERT INTO "users" ("username", "email", "password_digest", "session_token") VALUES ($1, $2, $3, $4) RETURNING "id"[0m  [["username", "a"], ["email", "a@email.com"], ["password_digest", "$2a$10$QH3g/haCSbIvGZvp0UOcmuHP59n7vQba6HVjHmgMVNvXZF7L8WMEi"], ["session_token", "Dm4WLBy_2Xk3XlKAUXmCOQ"]]
  [1m[35m (0.6ms)[0m  [1m[35mCOMMIT[0m
  Rendering api/users/show.json.jbuilder
  Rendered api/users/show.json.jbuilder (9.0ms)
Completed 200 OK in 128ms (Views: 17.5ms | ActiveRecord: 10.2ms)


Started GET "/api/chirps" for 127.0.0.1 at 2018-08-03 10:10:24 -0700
Processing by Api::ChirpsController#index as JSON
  Rendering api/chirps/index.json.jbuilder
  [1m[36mChirp Load (0.7ms)[0m  [1m[34mSELECT "chirps".* FROM "chirps"[0m
  Rendered api/chirps/_chirp.json.jbuilder (0.4ms)
  Rendered api/chirps/_chirp.json.jbuilder (0.1ms)
  Rendered api/chirps/_chirp.json.jbuilder (0.1ms)
  Rendered api/chirps/_chirp.json.jbuilder (0.1ms)
  Rendered api/chirps/index.json.jbuilder (22.4ms)
Completed 200 OK in 48ms (Views: 25.8ms | ActiveRecord: 6.3ms)


Started POST "/api/likes" for 127.0.0.1 at 2018-08-03 10:10:26 -0700
Processing by Api::LikesController#create as JSON
  Parameters: {"id"=>"1"}
  [1m[36mUser Load (0.6ms)[0m  [1m[34mSELECT  "users".* FROM "users" WHERE "users"."session_token" = $1 LIMIT $2[0m  [["session_token", "Dm4WLBy_2Xk3XlKAUXmCOQ"], ["LIMIT", 1]]
  [1m[35m (0.1ms)[0m  [1m[35mBEGIN[0m
  [1m[36mChirp Load (0.4ms)[0m  [1m[34mSELECT  "chirps".* FROM "chirps" WHERE "chirps"."id" = $1 LIMIT $2[0m  [["id", 1], ["LIMIT", 1]]
  [1m[36mUser Load (0.3ms)[0m  [1m[34mSELECT  "users".* FROM "users" WHERE "users"."id" = $1 LIMIT $2[0m  [["id", 10], ["LIMIT", 1]]
  [1m[35mSQL (0.5ms)[0m  [1m[32mINSERT INTO "likes" ("user_id", "chirp_id", "created_at", "updated_at") VALUES ($1, $2, $3, $4) RETURNING "id"[0m  [["user_id", 10], ["chirp_id", 1], ["created_at", "2018-08-03 17:10:26.125844"], ["updated_at", "2018-08-03 17:10:26.125844"]]
  [1m[35m (0.3ms)[0m  [1m[35mCOMMIT[0m
  Rendering api/chirps/show.json.jbuilder
  Rendered api/chirps/_chirp.json.jbuilder (0.5ms)
  Rendered api/chirps/show.json.jbuilder (2.2ms)
Completed 200 OK in 47ms (Views: 11.9ms | ActiveRecord: 7.8ms)


Started POST "/api/likes" for 127.0.0.1 at 2018-08-03 10:10:26 -0700
Processing by Api::LikesController#create as JSON
  Parameters: {"id"=>"1"}
  [1m[36mUser Load (1.1ms)[0m  [1m[34mSELECT  "users".* FROM "users" WHERE "users"."session_token" = $1 LIMIT $2[0m  [["session_token", "Dm4WLBy_2Xk3XlKAUXmCOQ"], ["LIMIT", 1]]
  [1m[35m (0.4ms)[0m  [1m[35mBEGIN[0m
  [1m[36mChirp Load (0.6ms)[0m  [1m[34mSELECT  "chirps".* FROM "chirps" WHERE "chirps"."id" = $1 LIMIT $2[0m  [["id", 1], ["LIMIT", 1]]
  [1m[36mUser Load (0.5ms)[0m  [1m[34mSELECT  "users".* FROM "users" WHERE "users"."id" = $1 LIMIT $2[0m  [["id", 10], ["LIMIT", 1]]
  [1m[35mSQL (0.7ms)[0m  [1m[32mINSERT INTO "likes" ("user_id", "chirp_id", "created_at", "updated_at") VALUES ($1, $2, $3, $4) RETURNING "id"[0m  [["user_id", 10], ["chirp_id", 1], ["created_at", "2018-08-03 17:10:26.604220"], ["updated_at", "2018-08-03 17:10:26.604220"]]
  [1m[35m (1.9ms)[0m  [1m[35mCOMMIT[0m
  Rendering api/chirps/show.json.jbuilder
  Rendered api/chirps/_chirp.json.jbuilder (0.4ms)
  Rendered api/chirps/show.json.jbuilder (2.2ms)
Completed 200 OK in 32ms (Views: 16.5ms | ActiveRecord: 5.2ms)


Started GET "/" for 127.0.0.1 at 2018-08-03 10:14:04 -0700
Processing by RootController#root as HTML
  Rendering root/root.html.erb within layouts/application
  Rendered root/root.html.erb within layouts/application (0.9ms)
Completed 200 OK in 295ms (Views: 291.6ms | ActiveRecord: 0.0ms)


Started GET "/api/chirps" for 127.0.0.1 at 2018-08-03 10:14:04 -0700
Processing by Api::ChirpsController#index as JSON
  Rendering api/chirps/index.json.jbuilder
  [1m[36mChirp Load (0.6ms)[0m  [1m[34mSELECT "chirps".* FROM "chirps"[0m
  Rendered api/chirps/_chirp.json.jbuilder (1.4ms)
  Rendered api/chirps/_chirp.json.jbuilder (0.1ms)
  Rendered api/chirps/_chirp.json.jbuilder (0.2ms)
  Rendered api/chirps/_chirp.json.jbuilder (0.1ms)
  Rendered api/chirps/index.json.jbuilder (70.7ms)
Completed 200 OK in 89ms (Views: 84.3ms | ActiveRecord: 0.6ms)


Started POST "/api/users" for 127.0.0.1 at 2018-08-03 10:14:11 -0700
Processing by Api::UsersController#create as JSON
  Parameters: {"user"=>{"username"=>"a", "email"=>"a@a.com", "password"=>"[FILTERED]"}}
  [1m[35m (0.2ms)[0m  [1m[35mBEGIN[0m
  [1m[36mUser Exists (0.4ms)[0m  [1m[34mSELECT  1 AS one FROM "users" WHERE "users"."username" = $1 LIMIT $2[0m  [["username", "a"], ["LIMIT", 1]]
  [1m[35m (0.3ms)[0m  [1m[31mROLLBACK[0m
Completed 401 Unauthorized in 664ms (Views: 0.2ms | ActiveRecord: 0.8ms)


Started POST "/api/users" for 127.0.0.1 at 2018-08-03 10:14:14 -0700
Processing by Api::UsersController#create as JSON
  Parameters: {"user"=>{"username"=>"a", "email"=>"a@a.com", "password"=>"[FILTERED]"}}
  [1m[35m (0.2ms)[0m  [1m[35mBEGIN[0m
  [1m[36mUser Exists (0.4ms)[0m  [1m[34mSELECT  1 AS one FROM "users" WHERE "users"."username" = $1 LIMIT $2[0m  [["username", "a"], ["LIMIT", 1]]
  [1m[35m (0.1ms)[0m  [1m[31mROLLBACK[0m
Completed 401 Unauthorized in 61ms (Views: 0.1ms | ActiveRecord: 0.7ms)


Started POST "/api/users" for 127.0.0.1 at 2018-08-03 10:14:20 -0700
Processing by Api::UsersController#create as JSON
  Parameters: {"user"=>{"username"=>"b", "email"=>"b", "password"=>"[FILTERED]"}}
  [1m[35m (0.2ms)[0m  [1m[35mBEGIN[0m
  [1m[36mUser Exists (0.4ms)[0m  [1m[34mSELECT  1 AS one FROM "users" WHERE "users"."username" = $1 LIMIT $2[0m  [["username", "b"], ["LIMIT", 1]]
  [1m[35mSQL (0.4ms)[0m  [1m[32mINSERT INTO "users" ("username", "email", "password_digest", "session_token") VALUES ($1, $2, $3, $4) RETURNING "id"[0m  [["username", "b"], ["email", "b"], ["password_digest", "$2a$10$fzglQesmI2qLnBJ.VvvjguefMYqSLwAMu6YLjEn200hb2inOtMK7q"], ["session_token", "hCkMSvpQeZzPdQCAr8G67Q"]]
  [1m[35m (2.0ms)[0m  [1m[35mCOMMIT[0m
  Rendering api/users/show.json.jbuilder
  Rendered api/users/show.json.jbuilder (0.4ms)
Completed 200 OK in 73ms (Views: 8.1ms | ActiveRecord: 2.9ms)


Started GET "/api/chirps" for 127.0.0.1 at 2018-08-03 10:14:20 -0700
Processing by Api::ChirpsController#index as JSON
  Rendering api/chirps/index.json.jbuilder
  [1m[36mChirp Load (0.6ms)[0m  [1m[34mSELECT "chirps".* FROM "chirps"[0m
  Rendered api/chirps/_chirp.json.jbuilder (0.5ms)
  Rendered api/chirps/_chirp.json.jbuilder (0.1ms)
  Rendered api/chirps/_chirp.json.jbuilder (0.1ms)
  Rendered api/chirps/_chirp.json.jbuilder (0.1ms)
  Rendered api/chirps/index.json.jbuilder (11.5ms)
Completed 200 OK in 34ms (Views: 30.9ms | ActiveRecord: 0.6ms)


Started GET "/" for 127.0.0.1 at 2018-08-03 10:18:04 -0700
Processing by RootController#root as HTML
  Rendering root/root.html.erb within layouts/application
  Rendered root/root.html.erb within layouts/application (0.4ms)
  [1m[36mUser Load (0.4ms)[0m  [1m[34mSELECT  "users".* FROM "users" WHERE "users"."session_token" = $1 LIMIT $2[0m  [["session_token", "hCkMSvpQeZzPdQCAr8G67Q"], ["LIMIT", 1]]
Completed 200 OK in 40ms (Views: 36.6ms | ActiveRecord: 0.4ms)


Started GET "/api/chirps" for 127.0.0.1 at 2018-08-03 10:18:04 -0700
Processing by Api::ChirpsController#index as JSON
  Rendering api/chirps/index.json.jbuilder
  [1m[36mChirp Load (0.3ms)[0m  [1m[34mSELECT "chirps".* FROM "chirps"[0m
  Rendered api/chirps/_chirp.json.jbuilder (0.3ms)
  Rendered api/chirps/_chirp.json.jbuilder (0.0ms)
  Rendered api/chirps/_chirp.json.jbuilder (0.0ms)
  Rendered api/chirps/_chirp.json.jbuilder (0.1ms)
  Rendered api/chirps/index.json.jbuilder (5.1ms)
Completed 200 OK in 17ms (Views: 13.9ms | ActiveRecord: 0.3ms)


Started GET "/" for 127.0.0.1 at 2018-08-03 10:18:04 -0700
Processing by RootController#root as HTML
  Rendering root/root.html.erb within layouts/application
  Rendered root/root.html.erb within layouts/application (0.3ms)
  [1m[36mUser Load (0.4ms)[0m  [1m[34mSELECT  "users".* FROM "users" WHERE "users"."session_token" = $1 LIMIT $2[0m  [["session_token", "hCkMSvpQeZzPdQCAr8G67Q"], ["LIMIT", 1]]
Completed 200 OK in 54ms (Views: 51.0ms | ActiveRecord: 0.4ms)


Started GET "/api/chirps" for 127.0.0.1 at 2018-08-03 10:18:04 -0700
Processing by Api::ChirpsController#index as JSON
  Rendering api/chirps/index.json.jbuilder
  [1m[36mChirp Load (0.3ms)[0m  [1m[34mSELECT "chirps".* FROM "chirps"[0m
  Rendered api/chirps/_chirp.json.jbuilder (0.3ms)
  Rendered api/chirps/_chirp.json.jbuilder (0.0ms)
  Rendered api/chirps/_chirp.json.jbuilder (0.0ms)
  Rendered api/chirps/_chirp.json.jbuilder (0.1ms)
  Rendered api/chirps/index.json.jbuilder (5.9ms)
Completed 200 OK in 18ms (Views: 14.8ms | ActiveRecord: 0.3ms)


Started GET "/" for 127.0.0.1 at 2018-08-03 10:18:41 -0700
Processing by RootController#root as HTML
  Rendering root/root.html.erb within layouts/application
  Rendered root/root.html.erb within layouts/application (0.4ms)
  [1m[36mUser Load (0.4ms)[0m  [1m[34mSELECT  "users".* FROM "users" WHERE "users"."session_token" = $1 LIMIT $2[0m  [["session_token", "hCkMSvpQeZzPdQCAr8G67Q"], ["LIMIT", 1]]
Completed 200 OK in 41ms (Views: 38.7ms | ActiveRecord: 0.4ms)


Started GET "/api/chirps" for 127.0.0.1 at 2018-08-03 10:18:41 -0700
Processing by Api::ChirpsController#index as JSON
  Rendering api/chirps/index.json.jbuilder
  [1m[36mChirp Load (0.6ms)[0m  [1m[34mSELECT "chirps".* FROM "chirps"[0m
  Rendered api/chirps/_chirp.json.jbuilder (0.6ms)
  Rendered api/chirps/_chirp.json.jbuilder (0.2ms)
  Rendered api/chirps/_chirp.json.jbuilder (0.1ms)
  Rendered api/chirps/_chirp.json.jbuilder (0.1ms)
  Rendered api/chirps/index.json.jbuilder (13.8ms)
Completed 200 OK in 28ms (Views: 23.4ms | ActiveRecord: 0.6ms)


Started GET "/" for 127.0.0.1 at 2018-08-03 10:18:44 -0700
Processing by RootController#root as HTML
  Rendering root/root.html.erb within layouts/application
  Rendered root/root.html.erb within layouts/application (0.3ms)
  [1m[36mUser Load (0.4ms)[0m  [1m[34mSELECT  "users".* FROM "users" WHERE "users"."session_token" = $1 LIMIT $2[0m  [["session_token", "hCkMSvpQeZzPdQCAr8G67Q"], ["LIMIT", 1]]
Completed 200 OK in 45ms (Views: 42.8ms | ActiveRecord: 0.4ms)


Started GET "/api/chirps" for 127.0.0.1 at 2018-08-03 10:18:44 -0700
Processing by Api::ChirpsController#index as JSON
  Rendering api/chirps/index.json.jbuilder
  [1m[36mChirp Load (1.0ms)[0m  [1m[34mSELECT "chirps".* FROM "chirps"[0m
  Rendered api/chirps/_chirp.json.jbuilder (0.8ms)
  Rendered api/chirps/_chirp.json.jbuilder (0.1ms)
  Rendered api/chirps/_chirp.json.jbuilder (0.1ms)
  Rendered api/chirps/_chirp.json.jbuilder (0.1ms)
  Rendered api/chirps/index.json.jbuilder (22.7ms)
Completed 200 OK in 38ms (Views: 33.6ms | ActiveRecord: 1.0ms)


Started POST "/api/likes" for 127.0.0.1 at 2018-08-03 10:18:44 -0700
Processing by Api::LikesController#create as JSON
  Parameters: {"id"=>"1"}
  [1m[36mUser Load (0.4ms)[0m  [1m[34mSELECT  "users".* FROM "users" WHERE "users"."session_token" = $1 LIMIT $2[0m  [["session_token", "hCkMSvpQeZzPdQCAr8G67Q"], ["LIMIT", 1]]
  [1m[35m (0.2ms)[0m  [1m[35mBEGIN[0m
  [1m[36mChirp Load (0.4ms)[0m  [1m[34mSELECT  "chirps".* FROM "chirps" WHERE "chirps"."id" = $1 LIMIT $2[0m  [["id", 1], ["LIMIT", 1]]
  [1m[36mUser Load (0.3ms)[0m  [1m[34mSELECT  "users".* FROM "users" WHERE "users"."id" = $1 LIMIT $2[0m  [["id", 11], ["LIMIT", 1]]
  [1m[35mSQL (0.4ms)[0m  [1m[32mINSERT INTO "likes" ("user_id", "chirp_id", "created_at", "updated_at") VALUES ($1, $2, $3, $4) RETURNING "id"[0m  [["user_id", 11], ["chirp_id", 1], ["created_at", "2018-08-03 17:18:44.983324"], ["updated_at", "2018-08-03 17:18:44.983324"]]
  [1m[35m (1.8ms)[0m  [1m[35mCOMMIT[0m
  Rendering api/chirps/show.json.jbuilder
  Rendered api/chirps/_chirp.json.jbuilder (0.4ms)
  Rendered api/chirps/show.json.jbuilder (2.3ms)
Completed 200 OK in 20ms (Views: 9.5ms | ActiveRecord: 3.5ms)


Started POST "/api/likes" for 127.0.0.1 at 2018-08-03 10:18:45 -0700
Processing by Api::LikesController#create as JSON
  Parameters: {"id"=>"1"}
  [1m[36mUser Load (0.3ms)[0m  [1m[34mSELECT  "users".* FROM "users" WHERE "users"."session_token" = $1 LIMIT $2[0m  [["session_token", "hCkMSvpQeZzPdQCAr8G67Q"], ["LIMIT", 1]]
  [1m[35m (0.1ms)[0m  [1m[35mBEGIN[0m
  [1m[36mChirp Load (0.3ms)[0m  [1m[34mSELECT  "chirps".* FROM "chirps" WHERE "chirps"."id" = $1 LIMIT $2[0m  [["id", 1], ["LIMIT", 1]]
  [1m[36mUser Load (0.2ms)[0m  [1m[34mSELECT  "users".* FROM "users" WHERE "users"."id" = $1 LIMIT $2[0m  [["id", 11], ["LIMIT", 1]]
  [1m[35mSQL (0.4ms)[0m  [1m[32mINSERT INTO "likes" ("user_id", "chirp_id", "created_at", "updated_at") VALUES ($1, $2, $3, $4) RETURNING "id"[0m  [["user_id", 11], ["chirp_id", 1], ["created_at", "2018-08-03 17:18:45.192300"], ["updated_at", "2018-08-03 17:18:45.192300"]]
  [1m[35m (1.9ms)[0m  [1m[35mCOMMIT[0m
  Rendering api/chirps/show.json.jbuilder
  Rendered api/chirps/_chirp.json.jbuilder (0.3ms)
  Rendered api/chirps/show.json.jbuilder (1.7ms)
Completed 200 OK in 18ms (Views: 9.7ms | ActiveRecord: 3.2ms)


Started DELETE "/api/session" for 127.0.0.1 at 2018-08-03 10:30:48 -0700
Processing by Api::SessionsController#destroy as JSON
  [1m[36mUser Load (0.5ms)[0m  [1m[34mSELECT  "users".* FROM "users" WHERE "users"."session_token" = $1 LIMIT $2[0m  [["session_token", "hCkMSvpQeZzPdQCAr8G67Q"], ["LIMIT", 1]]
  [1m[35m (0.3ms)[0m  [1m[35mBEGIN[0m
  [1m[36mUser Exists (1.3ms)[0m  [1m[34mSELECT  1 AS one FROM "users" WHERE "users"."username" = $1 AND ("users"."id" != $2) LIMIT $3[0m  [["username", "b"], ["id", 11], ["LIMIT", 1]]
  [1m[35mSQL (1.0ms)[0m  [1m[33mUPDATE "users" SET "session_token" = $1 WHERE "users"."id" = $2[0m  [["session_token", "DFdBPYMYZp6q4oGwvyUWiQ"], ["id", 11]]
  [1m[35m (0.7ms)[0m  [1m[35mCOMMIT[0m
Completed 200 OK in 15ms (Views: 0.5ms | ActiveRecord: 3.8ms)


Started POST "/api/users" for 127.0.0.1 at 2018-08-03 10:30:57 -0700
Processing by Api::UsersController#create as JSON
  Parameters: {"user"=>{"username"=>"c", "email"=>"c", "password"=>"[FILTERED]"}}
  [1m[35m (0.1ms)[0m  [1m[35mBEGIN[0m
  [1m[36mUser Exists (0.3ms)[0m  [1m[34mSELECT  1 AS one FROM "users" WHERE "users"."username" = $1 LIMIT $2[0m  [["username", "c"], ["LIMIT", 1]]
  [1m[35mSQL (0.3ms)[0m  [1m[32mINSERT INTO "users" ("username", "email", "password_digest", "session_token") VALUES ($1, $2, $3, $4) RETURNING "id"[0m  [["username", "c"], ["email", "c"], ["password_digest", "$2a$10$NOOWqEB0Td2LjPK1exg0wuMqaHvxDTfaTU5DoZWKyjkvtLWyaEomu"], ["session_token", "I3JdUhyXZlBWoCz1-tkVNQ"]]
  [1m[35m (1.9ms)[0m  [1m[35mCOMMIT[0m
  Rendering api/users/show.json.jbuilder
  Rendered api/users/show.json.jbuilder (0.5ms)
Completed 200 OK in 69ms (Views: 8.1ms | ActiveRecord: 2.6ms)


Started GET "/api/chirps" for 127.0.0.1 at 2018-08-03 10:30:57 -0700
Processing by Api::ChirpsController#index as JSON
  Rendering api/chirps/index.json.jbuilder
  [1m[36mChirp Load (0.4ms)[0m  [1m[34mSELECT "chirps".* FROM "chirps"[0m
  Rendered api/chirps/_chirp.json.jbuilder (0.5ms)
  Rendered api/chirps/_chirp.json.jbuilder (0.1ms)
  Rendered api/chirps/_chirp.json.jbuilder (0.1ms)
  Rendered api/chirps/_chirp.json.jbuilder (0.5ms)
  Rendered api/chirps/index.json.jbuilder (10.1ms)
Completed 200 OK in 29ms (Views: 22.3ms | ActiveRecord: 0.4ms)


Started DELETE "/api/session" for 127.0.0.1 at 2018-08-03 10:30:59 -0700
Processing by Api::SessionsController#destroy as JSON
  [1m[36mUser Load (0.4ms)[0m  [1m[34mSELECT  "users".* FROM "users" WHERE "users"."session_token" = $1 LIMIT $2[0m  [["session_token", "I3JdUhyXZlBWoCz1-tkVNQ"], ["LIMIT", 1]]
  [1m[35m (0.1ms)[0m  [1m[35mBEGIN[0m
  [1m[36mUser Exists (0.3ms)[0m  [1m[34mSELECT  1 AS one FROM "users" WHERE "users"."username" = $1 AND ("users"."id" != $2) LIMIT $3[0m  [["username", "c"], ["id", 12], ["LIMIT", 1]]
  [1m[35mSQL (0.5ms)[0m  [1m[33mUPDATE "users" SET "session_token" = $1 WHERE "users"."id" = $2[0m  [["session_token", "Xpj4IzDPefmViLodNL1Yjg"], ["id", 12]]
  [1m[35m (1.7ms)[0m  [1m[35mCOMMIT[0m
Completed 200 OK in 7ms (Views: 0.2ms | ActiveRecord: 3.1ms)


Started GET "/api/chirps" for 127.0.0.1 at 2018-08-03 10:31:40 -0700
Processing by Api::ChirpsController#index as JSON
  Rendering api/chirps/index.json.jbuilder
  [1m[36mChirp Load (0.3ms)[0m  [1m[34mSELECT "chirps".* FROM "chirps"[0m
  Rendered api/chirps/_chirp.json.jbuilder (0.5ms)
  Rendered api/chirps/_chirp.json.jbuilder (0.1ms)
  Rendered api/chirps/_chirp.json.jbuilder (0.3ms)
  Rendered api/chirps/_chirp.json.jbuilder (0.1ms)
  Rendered api/chirps/index.json.jbuilder (7.8ms)
Completed 200 OK in 20ms (Views: 16.8ms | ActiveRecord: 0.3ms)


Started GET "/" for 127.0.0.1 at 2018-08-03 10:32:40 -0700
  [1m[35m (1.3ms)[0m  [1m[34mSELECT "schema_migrations"."version" FROM "schema_migrations" ORDER BY "schema_migrations"."version" ASC[0m
Processing by RootController#root as HTML
  Rendering root/root.html.erb within layouts/application
  Rendered root/root.html.erb within layouts/application (1.8ms)
Completed 200 OK in 1822ms (Views: 1818.5ms | ActiveRecord: 0.0ms)


Started GET "/" for 127.0.0.1 at 2018-08-03 10:32:42 -0700
Processing by RootController#root as HTML
  Rendering root/root.html.erb within layouts/application
  Rendered root/root.html.erb within layouts/application (0.5ms)
Completed 200 OK in 103ms (Views: 99.2ms | ActiveRecord: 0.0ms)


Started GET "/" for 127.0.0.1 at 2018-08-03 10:33:37 -0700
Processing by RootController#root as HTML
  Rendering root/root.html.erb within layouts/application
  Rendered root/root.html.erb within layouts/application (0.3ms)
Completed 200 OK in 268ms (Views: 264.8ms | ActiveRecord: 0.0ms)


Started GET "/" for 127.0.0.1 at 2018-08-03 10:33:44 -0700
Processing by RootController#root as HTML
  Rendering root/root.html.erb within layouts/application
  Rendered root/root.html.erb within layouts/application (0.5ms)
Completed 200 OK in 278ms (Views: 276.4ms | ActiveRecord: 0.0ms)


Started GET "/" for 127.0.0.1 at 2018-08-03 10:34:04 -0700
Processing by RootController#root as HTML
  Rendering root/root.html.erb within layouts/application
  Rendered root/root.html.erb within layouts/application (0.4ms)
Completed 200 OK in 40ms (Views: 37.8ms | ActiveRecord: 0.0ms)


Started GET "/" for 127.0.0.1 at 2018-08-03 10:34:35 -0700
Processing by RootController#root as HTML
  Rendering root/root.html.erb within layouts/application
  Rendered root/root.html.erb within layouts/application (0.4ms)
Completed 200 OK in 273ms (Views: 270.5ms | ActiveRecord: 0.0ms)


Started POST "/api/users" for 127.0.0.1 at 2018-08-03 10:34:45 -0700
Processing by Api::UsersController#create as JSON
  Parameters: {"user"=>{"username"=>"d", "email"=>"d", "password"=>"[FILTERED]"}}
  [1m[35m (0.2ms)[0m  [1m[35mBEGIN[0m
  [1m[36mUser Exists (0.9ms)[0m  [1m[34mSELECT  1 AS one FROM "users" WHERE "users"."username" = $1 LIMIT $2[0m  [["username", "d"], ["LIMIT", 1]]
  [1m[35mSQL (0.6ms)[0m  [1m[32mINSERT INTO "users" ("username", "email", "password_digest", "session_token") VALUES ($1, $2, $3, $4) RETURNING "id"[0m  [["username", "d"], ["email", "d"], ["password_digest", "$2a$10$MxYlELAxeN86agg8ENQSquDJ2jQrBY2nGXSEyTFBC1/39QWa5PS4W"], ["session_token", "VTJoIx14F6K7-Cx61hjZlA"]]
  [1m[35m (0.6ms)[0m  [1m[35mCOMMIT[0m
  Rendering api/users/show.json.jbuilder
  Rendered api/users/show.json.jbuilder (3.8ms)
Completed 200 OK in 104ms (Views: 10.9ms | ActiveRecord: 8.0ms)


Started GET "/api/chirps" for 127.0.0.1 at 2018-08-03 10:34:45 -0700
Processing by Api::ChirpsController#index as JSON
  Rendering api/chirps/index.json.jbuilder
  [1m[36mChirp Load (0.6ms)[0m  [1m[34mSELECT "chirps".* FROM "chirps"[0m
  Rendered api/chirps/_chirp.json.jbuilder (0.5ms)
  Rendered api/chirps/_chirp.json.jbuilder (0.1ms)
  Rendered api/chirps/_chirp.json.jbuilder (0.1ms)
  Rendered api/chirps/_chirp.json.jbuilder (0.0ms)
  Rendered api/chirps/index.json.jbuilder (22.3ms)
Completed 200 OK in 46ms (Views: 23.9ms | ActiveRecord: 8.2ms)


Started POST "/api/likes" for 127.0.0.1 at 2018-08-03 10:34:49 -0700
Processing by Api::LikesController#create as JSON
  Parameters: {"id"=>"1"}
  [1m[36mUser Load (0.3ms)[0m  [1m[34mSELECT  "users".* FROM "users" WHERE "users"."session_token" = $1 LIMIT $2[0m  [["session_token", "VTJoIx14F6K7-Cx61hjZlA"], ["LIMIT", 1]]
  [1m[35m (0.1ms)[0m  [1m[35mBEGIN[0m
  [1m[36mChirp Load (0.3ms)[0m  [1m[34mSELECT  "chirps".* FROM "chirps" WHERE "chirps"."id" = $1 LIMIT $2[0m  [["id", 1], ["LIMIT", 1]]
  [1m[36mUser Load (0.4ms)[0m  [1m[34mSELECT  "users".* FROM "users" WHERE "users"."id" = $1 LIMIT $2[0m  [["id", 13], ["LIMIT", 1]]
  [1m[35mSQL (0.6ms)[0m  [1m[32mINSERT INTO "likes" ("user_id", "chirp_id", "created_at", "updated_at") VALUES ($1, $2, $3, $4) RETURNING "id"[0m  [["user_id", 13], ["chirp_id", 1], ["created_at", "2018-08-03 17:34:49.298032"], ["updated_at", "2018-08-03 17:34:49.298032"]]
  [1m[35m (0.4ms)[0m  [1m[35mCOMMIT[0m
  Rendering api/chirps/show.json.jbuilder
  Rendered api/chirps/_chirp.json.jbuilder (0.3ms)
  Rendered api/chirps/show.json.jbuilder (1.7ms)
Completed 200 OK in 48ms (Views: 12.0ms | ActiveRecord: 6.4ms)


Started POST "/api/likes" for 127.0.0.1 at 2018-08-03 10:34:49 -0700
Processing by Api::LikesController#create as JSON
  Parameters: {"id"=>"1"}
  [1m[36mUser Load (0.8ms)[0m  [1m[34mSELECT  "users".* FROM "users" WHERE "users"."session_token" = $1 LIMIT $2[0m  [["session_token", "VTJoIx14F6K7-Cx61hjZlA"], ["LIMIT", 1]]
  [1m[35m (0.5ms)[0m  [1m[35mBEGIN[0m
  [1m[36mChirp Load (0.6ms)[0m  [1m[34mSELECT  "chirps".* FROM "chirps" WHERE "chirps"."id" = $1 LIMIT $2[0m  [["id", 1], ["LIMIT", 1]]
  [1m[36mUser Load (0.6ms)[0m  [1m[34mSELECT  "users".* FROM "users" WHERE "users"."id" = $1 LIMIT $2[0m  [["id", 13], ["LIMIT", 1]]
  [1m[35mSQL (0.7ms)[0m  [1m[32mINSERT INTO "likes" ("user_id", "chirp_id", "created_at", "updated_at") VALUES ($1, $2, $3, $4) RETURNING "id"[0m  [["user_id", 13], ["chirp_id", 1], ["created_at", "2018-08-03 17:34:49.555461"], ["updated_at", "2018-08-03 17:34:49.555461"]]
  [1m[35m (1.9ms)[0m  [1m[35mCOMMIT[0m
  Rendering api/chirps/show.json.jbuilder
  Rendered api/chirps/_chirp.json.jbuilder (0.4ms)
  Rendered api/chirps/show.json.jbuilder (2.1ms)
Completed 200 OK in 37ms (Views: 20.0ms | ActiveRecord: 5.1ms)


Started DELETE "/api/session" for 127.0.0.1 at 2018-08-03 10:34:50 -0700
Processing by Api::SessionsController#destroy as JSON
  [1m[36mUser Load (0.4ms)[0m  [1m[34mSELECT  "users".* FROM "users" WHERE "users"."session_token" = $1 LIMIT $2[0m  [["session_token", "VTJoIx14F6K7-Cx61hjZlA"], ["LIMIT", 1]]
  [1m[35m (0.1ms)[0m  [1m[35mBEGIN[0m
  [1m[36mUser Exists (0.5ms)[0m  [1m[34mSELECT  1 AS one FROM "users" WHERE "users"."username" = $1 AND ("users"."id" != $2) LIMIT $3[0m  [["username", "d"], ["id", 13], ["LIMIT", 1]]
  [1m[35mSQL (0.5ms)[0m  [1m[33mUPDATE "users" SET "session_token" = $1 WHERE "users"."id" = $2[0m  [["session_token", "8ZrNx02tSwEG1NOI8-z8RQ"], ["id", 13]]
  [1m[35m (1.6ms)[0m  [1m[35mCOMMIT[0m
Completed 200 OK in 8ms (Views: 0.2ms | ActiveRecord: 3.2ms)


Started GET "/" for 127.0.0.1 at 2018-08-03 10:36:13 -0700
Processing by RootController#root as HTML
  Rendering root/root.html.erb within layouts/application
  Rendered root/root.html.erb within layouts/application (0.4ms)
Completed 200 OK in 50ms (Views: 47.4ms | ActiveRecord: 0.0ms)


Started POST "/api/users" for 127.0.0.1 at 2018-08-03 10:36:20 -0700
Processing by Api::UsersController#create as JSON
  Parameters: {"user"=>{"username"=>"e", "email"=>"e", "password"=>"[FILTERED]"}}
  [1m[35m (0.1ms)[0m  [1m[35mBEGIN[0m
  [1m[36mUser Exists (0.3ms)[0m  [1m[34mSELECT  1 AS one FROM "users" WHERE "users"."username" = $1 LIMIT $2[0m  [["username", "e"], ["LIMIT", 1]]
  [1m[35mSQL (0.3ms)[0m  [1m[32mINSERT INTO "users" ("username", "email", "password_digest", "session_token") VALUES ($1, $2, $3, $4) RETURNING "id"[0m  [["username", "e"], ["email", "e"], ["password_digest", "$2a$10$2.gok9Rug6yScv3iu3w3POGWirE142tYVXSP4pZLnTiq84FMuBiCe"], ["session_token", "Vp1I6ymzjLcAeS4KhgVu5Q"]]
  [1m[35m (1.9ms)[0m  [1m[35mCOMMIT[0m
  Rendering api/users/show.json.jbuilder
  Rendered api/users/show.json.jbuilder (0.4ms)
Completed 200 OK in 69ms (Views: 7.5ms | ActiveRecord: 2.7ms)


Started GET "/api/chirps" for 127.0.0.1 at 2018-08-03 10:36:20 -0700
Processing by Api::ChirpsController#index as JSON
  Rendering api/chirps/index.json.jbuilder
  [1m[36mChirp Load (0.5ms)[0m  [1m[34mSELECT "chirps".* FROM "chirps"[0m
  [1m[35m (2.6ms)[0m  [1m[34mSELECT COUNT(*) FROM "likes" WHERE "likes"."chirp_id" = $1[0m  [["chirp_id", 1]]
  [1m[36mUser Load (0.4ms)[0m  [1m[34mSELECT  "users".* FROM "users" WHERE "users"."session_token" = $1 LIMIT $2[0m  [["session_token", "Vp1I6ymzjLcAeS4KhgVu5Q"], ["LIMIT", 1]]
  [1m[36mLike Load (0.5ms)[0m  [1m[34mSELECT  "likes".* FROM "likes" WHERE "likes"."chirp_id" = $1 AND "likes"."user_id" = $2 LIMIT $3[0m  [["chirp_id", 1], ["user_id", 14], ["LIMIT", 1]]
  Rendered api/chirps/_chirp.json.jbuilder (24.2ms)
  [1m[35m (0.4ms)[0m  [1m[34mSELECT COUNT(*) FROM "likes" WHERE "likes"."chirp_id" = $1[0m  [["chirp_id", 2]]
  [1m[36mLike Load (0.5ms)[0m  [1m[34mSELECT  "likes".* FROM "likes" WHERE "likes"."chirp_id" = $1 AND "likes"."user_id" = $2 LIMIT $3[0m  [["chirp_id", 2], ["user_id", 14], ["LIMIT", 1]]
  Rendered api/chirps/_chirp.json.jbuilder (3.5ms)
  [1m[35m (0.4ms)[0m  [1m[34mSELECT COUNT(*) FROM "likes" WHERE "likes"."chirp_id" = $1[0m  [["chirp_id", 3]]
  [1m[36mLike Load (0.4ms)[0m  [1m[34mSELECT  "likes".* FROM "likes" WHERE "likes"."chirp_id" = $1 AND "likes"."user_id" = $2 LIMIT $3[0m  [["chirp_id", 3], ["user_id", 14], ["LIMIT", 1]]
  Rendered api/chirps/_chirp.json.jbuilder (2.9ms)
  [1m[35m (0.4ms)[0m  [1m[34mSELECT COUNT(*) FROM "likes" WHERE "likes"."chirp_id" = $1[0m  [["chirp_id", 4]]
  [1m[36mLike Load (0.4ms)[0m  [1m[34mSELECT  "likes".* FROM "likes" WHERE "likes"."chirp_id" = $1 AND "likes"."user_id" = $2 LIMIT $3[0m  [["chirp_id", 4], ["user_id", 14], ["LIMIT", 1]]
  Rendered api/chirps/_chirp.json.jbuilder (3.0ms)
  Rendered api/chirps/index.json.jbuilder (43.2ms)
Completed 200 OK in 57ms (Views: 47.2ms | ActiveRecord: 6.6ms)


Started POST "/api/likes" for 127.0.0.1 at 2018-08-03 10:36:22 -0700
Processing by Api::LikesController#create as JSON
  Parameters: {"id"=>"1"}
  [1m[36mUser Load (0.4ms)[0m  [1m[34mSELECT  "users".* FROM "users" WHERE "users"."session_token" = $1 LIMIT $2[0m  [["session_token", "Vp1I6ymzjLcAeS4KhgVu5Q"], ["LIMIT", 1]]
  [1m[35m (0.1ms)[0m  [1m[35mBEGIN[0m
  [1m[36mChirp Load (0.2ms)[0m  [1m[34mSELECT  "chirps".* FROM "chirps" WHERE "chirps"."id" = $1 LIMIT $2[0m  [["id", 1], ["LIMIT", 1]]
  [1m[36mUser Load (0.2ms)[0m  [1m[34mSELECT  "users".* FROM "users" WHERE "users"."id" = $1 LIMIT $2[0m  [["id", 14], ["LIMIT", 1]]
  [1m[35mSQL (0.3ms)[0m  [1m[32mINSERT INTO "likes" ("user_id", "chirp_id", "created_at", "updated_at") VALUES ($1, $2, $3, $4) RETURNING "id"[0m  [["user_id", 14], ["chirp_id", 1], ["created_at", "2018-08-03 17:36:22.112240"], ["updated_at", "2018-08-03 17:36:22.112240"]]
  [1m[35m (1.9ms)[0m  [1m[35mCOMMIT[0m
  Rendering api/chirps/show.json.jbuilder
  [1m[35m (0.4ms)[0m  [1m[34mSELECT COUNT(*) FROM "likes" WHERE "likes"."chirp_id" = $1[0m  [["chirp_id", 1]]
  [1m[36mLike Load (0.4ms)[0m  [1m[34mSELECT  "likes".* FROM "likes" WHERE "likes"."chirp_id" = $1 AND "likes"."user_id" = $2 LIMIT $3[0m  [["chirp_id", 1], ["user_id", 14], ["LIMIT", 1]]
  Rendered api/chirps/_chirp.json.jbuilder (2.8ms)
  Rendered api/chirps/show.json.jbuilder (4.2ms)
Completed 200 OK in 21ms (Views: 11.5ms | ActiveRecord: 3.9ms)


Started POST "/api/likes" for 127.0.0.1 at 2018-08-03 10:36:23 -0700
Processing by Api::LikesController#create as JSON
  Parameters: {"id"=>"2"}
  [1m[36mUser Load (0.3ms)[0m  [1m[34mSELECT  "users".* FROM "users" WHERE "users"."session_token" = $1 LIMIT $2[0m  [["session_token", "Vp1I6ymzjLcAeS4KhgVu5Q"], ["LIMIT", 1]]
  [1m[35m (0.1ms)[0m  [1m[35mBEGIN[0m
  [1m[36mChirp Load (0.2ms)[0m  [1m[34mSELECT  "chirps".* FROM "chirps" WHERE "chirps"."id" = $1 LIMIT $2[0m  [["id", 2], ["LIMIT", 1]]
  [1m[36mUser Load (0.3ms)[0m  [1m[34mSELECT  "users".* FROM "users" WHERE "users"."id" = $1 LIMIT $2[0m  [["id", 14], ["LIMIT", 1]]
  [1m[35mSQL (0.3ms)[0m  [1m[32mINSERT INTO "likes" ("user_id", "chirp_id", "created_at", "updated_at") VALUES ($1, $2, $3, $4) RETURNING "id"[0m  [["user_id", 14], ["chirp_id", 2], ["created_at", "2018-08-03 17:36:23.114033"], ["updated_at", "2018-08-03 17:36:23.114033"]]
  [1m[35m (0.5ms)[0m  [1m[35mCOMMIT[0m
  Rendering api/chirps/show.json.jbuilder
  [1m[35m (0.5ms)[0m  [1m[34mSELECT COUNT(*) FROM "likes" WHERE "likes"."chirp_id" = $1[0m  [["chirp_id", 2]]
  [1m[36mLike Load (0.5ms)[0m  [1m[34mSELECT  "likes".* FROM "likes" WHERE "likes"."chirp_id" = $1 AND "likes"."user_id" = $2 LIMIT $3[0m  [["chirp_id", 2], ["user_id", 14], ["LIMIT", 1]]
  Rendered api/chirps/_chirp.json.jbuilder (4.1ms)
  Rendered api/chirps/show.json.jbuilder (6.9ms)
Completed 200 OK in 24ms (Views: 15.3ms | ActiveRecord: 2.8ms)


Started DELETE "/api/likes" for 127.0.0.1 at 2018-08-03 10:36:23 -0700
Processing by Api::LikesController#destroy as JSON
  Parameters: {"id"=>"1"}
  [1m[36mUser Load (0.5ms)[0m  [1m[34mSELECT  "users".* FROM "users" WHERE "users"."session_token" = $1 LIMIT $2[0m  [["session_token", "Vp1I6ymzjLcAeS4KhgVu5Q"], ["LIMIT", 1]]
  [1m[36mLike Load (0.2ms)[0m  [1m[34mSELECT  "likes".* FROM "likes" WHERE "likes"."user_id" = $1 AND "likes"."chirp_id" = $2 LIMIT $3[0m  [["user_id", 14], ["chirp_id", 1], ["LIMIT", 1]]
  [1m[35m (0.1ms)[0m  [1m[35mBEGIN[0m
  [1m[35mSQL (0.3ms)[0m  [1m[31mDELETE FROM "likes" WHERE "likes"."id" = $1[0m  [["id", 11]]
  [1m[35m (1.7ms)[0m  [1m[35mCOMMIT[0m
  [1m[36mChirp Load (0.3ms)[0m  [1m[34mSELECT  "chirps".* FROM "chirps" WHERE "chirps"."id" = $1 LIMIT $2[0m  [["id", 1], ["LIMIT", 1]]
  Rendering api/chirps/show.json.jbuilder
  [1m[35m (0.4ms)[0m  [1m[34mSELECT COUNT(*) FROM "likes" WHERE "likes"."chirp_id" = $1[0m  [["chirp_id", 1]]
  [1m[36mLike Load (0.3ms)[0m  [1m[34mSELECT  "likes".* FROM "likes" WHERE "likes"."chirp_id" = $1 AND "likes"."user_id" = $2 LIMIT $3[0m  [["chirp_id", 1], ["user_id", 14], ["LIMIT", 1]]
  Rendered api/chirps/_chirp.json.jbuilder (2.6ms)
  Rendered api/chirps/show.json.jbuilder (4.1ms)
Completed 200 OK in 21ms (Views: 11.3ms | ActiveRecord: 3.9ms)


Started DELETE "/api/likes" for 127.0.0.1 at 2018-08-03 10:36:26 -0700
Processing by Api::LikesController#destroy as JSON
  Parameters: {"id"=>"2"}
  [1m[36mUser Load (0.2ms)[0m  [1m[34mSELECT  "users".* FROM "users" WHERE "users"."session_token" = $1 LIMIT $2[0m  [["session_token", "Vp1I6ymzjLcAeS4KhgVu5Q"], ["LIMIT", 1]]
  [1m[36mLike Load (0.4ms)[0m  [1m[34mSELECT  "likes".* FROM "likes" WHERE "likes"."user_id" = $1 AND "likes"."chirp_id" = $2 LIMIT $3[0m  [["user_id", 14], ["chirp_id", 2], ["LIMIT", 1]]
  [1m[35m (0.2ms)[0m  [1m[35mBEGIN[0m
  [1m[35mSQL (0.3ms)[0m  [1m[31mDELETE FROM "likes" WHERE "likes"."id" = $1[0m  [["id", 12]]
  [1m[35m (1.8ms)[0m  [1m[35mCOMMIT[0m
  [1m[36mChirp Load (0.4ms)[0m  [1m[34mSELECT  "chirps".* FROM "chirps" WHERE "chirps"."id" = $1 LIMIT $2[0m  [["id", 2], ["LIMIT", 1]]
  Rendering api/chirps/show.json.jbuilder
  [1m[35m (0.3ms)[0m  [1m[34mSELECT COUNT(*) FROM "likes" WHERE "likes"."chirp_id" = $1[0m  [["chirp_id", 2]]
  [1m[36mLike Load (0.5ms)[0m  [1m[34mSELECT  "likes".* FROM "likes" WHERE "likes"."chirp_id" = $1 AND "likes"."user_id" = $2 LIMIT $3[0m  [["chirp_id", 2], ["user_id", 14], ["LIMIT", 1]]
  Rendered api/chirps/_chirp.json.jbuilder (2.9ms)
  Rendered api/chirps/show.json.jbuilder (4.1ms)
Completed 200 OK in 19ms (Views: 10.6ms | ActiveRecord: 4.2ms)


Started POST "/api/likes" for 127.0.0.1 at 2018-08-03 10:36:26 -0700
Processing by Api::LikesController#create as JSON
  Parameters: {"id"=>"2"}
  [1m[36mUser Load (0.3ms)[0m  [1m[34mSELECT  "users".* FROM "users" WHERE "users"."session_token" = $1 LIMIT $2[0m  [["session_token", "Vp1I6ymzjLcAeS4KhgVu5Q"], ["LIMIT", 1]]
  [1m[35m (0.2ms)[0m  [1m[35mBEGIN[0m
  [1m[36mChirp Load (0.2ms)[0m  [1m[34mSELECT  "chirps".* FROM "chirps" WHERE "chirps"."id" = $1 LIMIT $2[0m  [["id", 2], ["LIMIT", 1]]
  [1m[36mUser Load (0.3ms)[0m  [1m[34mSELECT  "users".* FROM "users" WHERE "users"."id" = $1 LIMIT $2[0m  [["id", 14], ["LIMIT", 1]]
  [1m[35mSQL (2.3ms)[0m  [1m[32mINSERT INTO "likes" ("user_id", "chirp_id", "created_at", "updated_at") VALUES ($1, $2, $3, $4) RETURNING "id"[0m  [["user_id", 14], ["chirp_id", 2], ["created_at", "2018-08-03 17:36:26.956430"], ["updated_at", "2018-08-03 17:36:26.956430"]]
  [1m[35m (0.4ms)[0m  [1m[35mCOMMIT[0m
  Rendering api/chirps/show.json.jbuilder
  [1m[35m (1.1ms)[0m  [1m[34mSELECT COUNT(*) FROM "likes" WHERE "likes"."chirp_id" = $1[0m  [["chirp_id", 2]]
  [1m[36mLike Load (0.4ms)[0m  [1m[34mSELECT  "likes".* FROM "likes" WHERE "likes"."chirp_id" = $1 AND "likes"."user_id" = $2 LIMIT $3[0m  [["chirp_id", 2], ["user_id", 14], ["LIMIT", 1]]
  Rendered api/chirps/_chirp.json.jbuilder (3.6ms)
  Rendered api/chirps/show.json.jbuilder (4.7ms)
Completed 200 OK in 21ms (Views: 10.7ms | ActiveRecord: 5.1ms)


Started GET "/" for 127.0.0.1 at 2018-08-03 10:42:28 -0700
Processing by RootController#root as HTML
  Rendering root/root.html.erb within layouts/application
  Rendered root/root.html.erb within layouts/application (0.4ms)
  [1m[36mUser Load (0.3ms)[0m  [1m[34mSELECT  "users".* FROM "users" WHERE "users"."session_token" = $1 LIMIT $2[0m  [["session_token", "Vp1I6ymzjLcAeS4KhgVu5Q"], ["LIMIT", 1]]
Completed 200 OK in 50ms (Views: 47.2ms | ActiveRecord: 0.3ms)


Started GET "/api/chirps" for 127.0.0.1 at 2018-08-03 10:42:28 -0700
Processing by Api::ChirpsController#index as JSON
  Rendering api/chirps/index.json.jbuilder
  [1m[36mChirp Load (0.3ms)[0m  [1m[34mSELECT "chirps".* FROM "chirps"[0m
  [1m[35m (0.6ms)[0m  [1m[34mSELECT COUNT(*) FROM "likes" WHERE "likes"."chirp_id" = $1[0m  [["chirp_id", 1]]
  [1m[36mUser Load (0.5ms)[0m  [1m[34mSELECT  "users".* FROM "users" WHERE "users"."session_token" = $1 LIMIT $2[0m  [["session_token", "Vp1I6ymzjLcAeS4KhgVu5Q"], ["LIMIT", 1]]
  [1m[36mLike Load (0.8ms)[0m  [1m[34mSELECT  "likes".* FROM "likes" WHERE "likes"."chirp_id" = $1 AND "likes"."user_id" = $2 LIMIT $3[0m  [["chirp_id", 1], ["user_id", 14], ["LIMIT", 1]]
  Rendered api/chirps/_chirp.json.jbuilder (6.1ms)
  [1m[35m (36.9ms)[0m  [1m[34mSELECT COUNT(*) FROM "likes" WHERE "likes"."chirp_id" = $1[0m  [["chirp_id", 2]]
  [1m[36mLike Load (13.0ms)[0m  [1m[34mSELECT  "likes".* FROM "likes" WHERE "likes"."chirp_id" = $1 AND "likes"."user_id" = $2 LIMIT $3[0m  [["chirp_id", 2], ["user_id", 14], ["LIMIT", 1]]
  Rendered api/chirps/_chirp.json.jbuilder (53.3ms)
  [1m[35m (18.5ms)[0m  [1m[34mSELECT COUNT(*) FROM "likes" WHERE "likes"."chirp_id" = $1[0m  [["chirp_id", 3]]
  [1m[36mLike Load (3.1ms)[0m  [1m[34mSELECT  "likes".* FROM "likes" WHERE "likes"."chirp_id" = $1 AND "likes"."user_id" = $2 LIMIT $3[0m  [["chirp_id", 3], ["user_id", 14], ["LIMIT", 1]]
  Rendered api/chirps/_chirp.json.jbuilder (24.1ms)
  [1m[35m (0.4ms)[0m  [1m[34mSELECT COUNT(*) FROM "likes" WHERE "likes"."chirp_id" = $1[0m  [["chirp_id", 4]]
  [1m[36mLike Load (1.1ms)[0m  [1m[34mSELECT  "likes".* FROM "likes" WHERE "likes"."chirp_id" = $1 AND "likes"."user_id" = $2 LIMIT $3[0m  [["chirp_id", 4], ["user_id", 14], ["LIMIT", 1]]
  Rendered api/chirps/_chirp.json.jbuilder (4.2ms)
  Rendered api/chirps/index.json.jbuilder (94.9ms)
Completed 200 OK in 109ms (Views: 31.4ms | ActiveRecord: 75.0ms)


Started DELETE "/api/session" for 127.0.0.1 at 2018-08-03 10:42:30 -0700
Processing by Api::SessionsController#destroy as JSON
  [1m[36mUser Load (0.4ms)[0m  [1m[34mSELECT  "users".* FROM "users" WHERE "users"."session_token" = $1 LIMIT $2[0m  [["session_token", "Vp1I6ymzjLcAeS4KhgVu5Q"], ["LIMIT", 1]]
  [1m[35m (0.1ms)[0m  [1m[35mBEGIN[0m
  [1m[36mUser Exists (0.4ms)[0m  [1m[34mSELECT  1 AS one FROM "users" WHERE "users"."username" = $1 AND ("users"."id" != $2) LIMIT $3[0m  [["username", "e"], ["id", 14], ["LIMIT", 1]]
  [1m[35mSQL (0.4ms)[0m  [1m[33mUPDATE "users" SET "session_token" = $1 WHERE "users"."id" = $2[0m  [["session_token", "eqeoUrN6BkuhEFj6-iu4LA"], ["id", 14]]
  [1m[35m (1.8ms)[0m  [1m[35mCOMMIT[0m
Completed 200 OK in 8ms (Views: 0.3ms | ActiveRecord: 3.1ms)


Started GET "/" for 127.0.0.1 at 2018-08-03 10:43:24 -0700
Processing by RootController#root as HTML
  Rendering root/root.html.erb within layouts/application
  Rendered root/root.html.erb within layouts/application (0.7ms)
Completed 200 OK in 274ms (Views: 271.7ms | ActiveRecord: 0.0ms)


Started POST "/api/session" for 127.0.0.1 at 2018-08-03 10:43:30 -0700
Processing by Api::SessionsController#create as JSON
  Parameters: {"user"=>{"email"=>"b", "password"=>"[FILTERED]"}}
  [1m[36mUser Load (0.4ms)[0m  [1m[34mSELECT  "users".* FROM "users" WHERE "users"."username" IS NULL LIMIT $1[0m  [["LIMIT", 1]]
Completed 401 Unauthorized in 2ms (Views: 0.2ms | ActiveRecord: 0.4ms)


Started POST "/api/session" for 127.0.0.1 at 2018-08-03 10:43:37 -0700
Processing by Api::SessionsController#create as JSON
  Parameters: {"user"=>{"email"=>"c", "password"=>"[FILTERED]"}}
  [1m[36mUser Load (0.4ms)[0m  [1m[34mSELECT  "users".* FROM "users" WHERE "users"."username" IS NULL LIMIT $1[0m  [["LIMIT", 1]]
Completed 401 Unauthorized in 2ms (Views: 0.2ms | ActiveRecord: 0.4ms)


Started POST "/api/session" for 127.0.0.1 at 2018-08-03 10:43:41 -0700
Processing by Api::SessionsController#create as JSON
  Parameters: {"user"=>{"email"=>"d", "password"=>"[FILTERED]"}}
  [1m[36mUser Load (0.4ms)[0m  [1m[34mSELECT  "users".* FROM "users" WHERE "users"."username" IS NULL LIMIT $1[0m  [["LIMIT", 1]]
Completed 401 Unauthorized in 2ms (Views: 0.1ms | ActiveRecord: 0.4ms)


Started POST "/api/users" for 127.0.0.1 at 2018-08-03 10:43:52 -0700
Processing by Api::UsersController#create as JSON
  Parameters: {"user"=>{"username"=>"qwe", "email"=>"qwe", "password"=>"[FILTERED]"}}
  [1m[35m (0.1ms)[0m  [1m[35mBEGIN[0m
  [1m[36mUser Exists (0.3ms)[0m  [1m[34mSELECT  1 AS one FROM "users" WHERE "users"."username" = $1 LIMIT $2[0m  [["username", "qwe"], ["LIMIT", 1]]
  [1m[35mSQL (0.3ms)[0m  [1m[32mINSERT INTO "users" ("username", "email", "password_digest", "session_token") VALUES ($1, $2, $3, $4) RETURNING "id"[0m  [["username", "qwe"], ["email", "qwe"], ["password_digest", "$2a$10$1TyHXoDm5svYmfJnXqIg2OSYenq5kelsHyyQP9LjdHVDJMlwdztF."], ["session_token", "9zyAiDj4_K7qMLoYkOX2xw"]]
  [1m[35m (1.9ms)[0m  [1m[35mCOMMIT[0m
  Rendering api/users/show.json.jbuilder
  Rendered api/users/show.json.jbuilder (0.4ms)
Completed 200 OK in 71ms (Views: 7.2ms | ActiveRecord: 2.6ms)


Started GET "/api/chirps" for 127.0.0.1 at 2018-08-03 10:43:52 -0700
Processing by Api::ChirpsController#index as JSON
  Rendering api/chirps/index.json.jbuilder
  [1m[36mChirp Load (0.7ms)[0m  [1m[34mSELECT "chirps".* FROM "chirps"[0m
  [1m[35m (2.9ms)[0m  [1m[34mSELECT COUNT(*) FROM "likes" WHERE "likes"."chirp_id" = $1[0m  [["chirp_id", 1]]
  [1m[36mUser Load (0.6ms)[0m  [1m[34mSELECT  "users".* FROM "users" WHERE "users"."session_token" = $1 LIMIT $2[0m  [["session_token", "9zyAiDj4_K7qMLoYkOX2xw"], ["LIMIT", 1]]
  [1m[36mLike Load (1.0ms)[0m  [1m[34mSELECT  "likes".* FROM "likes" WHERE "likes"."chirp_id" = $1 AND "likes"."user_id" = $2 LIMIT $3[0m  [["chirp_id", 1], ["user_id", 15], ["LIMIT", 1]]
  Rendered api/chirps/_chirp.json.jbuilder (9.9ms)
  [1m[35m (0.5ms)[0m  [1m[34mSELECT COUNT(*) FROM "likes" WHERE "likes"."chirp_id" = $1[0m  [["chirp_id", 2]]
  [1m[36mLike Load (1.0ms)[0m  [1m[34mSELECT  "likes".* FROM "likes" WHERE "likes"."chirp_id" = $1 AND "likes"."user_id" = $2 LIMIT $3[0m  [["chirp_id", 2], ["user_id", 15], ["LIMIT", 1]]
  Rendered api/chirps/_chirp.json.jbuilder (4.4ms)
  [1m[35m (0.7ms)[0m  [1m[34mSELECT COUNT(*) FROM "likes" WHERE "likes"."chirp_id" = $1[0m  [["chirp_id", 3]]
  [1m[36mLike Load (1.5ms)[0m  [1m[34mSELECT  "likes".* FROM "likes" WHERE "likes"."chirp_id" = $1 AND "likes"."user_id" = $2 LIMIT $3[0m  [["chirp_id", 3], ["user_id", 15], ["LIMIT", 1]]
  Rendered api/chirps/_chirp.json.jbuilder (5.5ms)
  [1m[35m (1.8ms)[0m  [1m[34mSELECT COUNT(*) FROM "likes" WHERE "likes"."chirp_id" = $1[0m  [["chirp_id", 4]]
  [1m[36mLike Load (16.7ms)[0m  [1m[34mSELECT  "likes".* FROM "likes" WHERE "likes"."chirp_id" = $1 AND "likes"."user_id" = $2 LIMIT $3[0m  [["chirp_id", 4], ["user_id", 15], ["LIMIT", 1]]
  Rendered api/chirps/_chirp.json.jbuilder (21.8ms)
  Rendered api/chirps/index.json.jbuilder (52.0ms)
Completed 200 OK in 72ms (Views: 41.1ms | ActiveRecord: 27.5ms)


Started DELETE "/api/session" for 127.0.0.1 at 2018-08-03 10:43:54 -0700
Processing by Api::SessionsController#destroy as JSON
  [1m[36mUser Load (0.3ms)[0m  [1m[34mSELECT  "users".* FROM "users" WHERE "users"."session_token" = $1 LIMIT $2[0m  [["session_token", "9zyAiDj4_K7qMLoYkOX2xw"], ["LIMIT", 1]]
  [1m[35m (0.1ms)[0m  [1m[35mBEGIN[0m
  [1m[36mUser Exists (0.4ms)[0m  [1m[34mSELECT  1 AS one FROM "users" WHERE "users"."username" = $1 AND ("users"."id" != $2) LIMIT $3[0m  [["username", "qwe"], ["id", 15], ["LIMIT", 1]]
  [1m[35mSQL (0.4ms)[0m  [1m[33mUPDATE "users" SET "session_token" = $1 WHERE "users"."id" = $2[0m  [["session_token", "RaWLCTVnbqxLwIK5LE40Xw"], ["id", 15]]
  [1m[35m (1.8ms)[0m  [1m[35mCOMMIT[0m
Completed 200 OK in 7ms (Views: 0.2ms | ActiveRecord: 3.0ms)


Started POST "/api/session" for 127.0.0.1 at 2018-08-03 10:44:02 -0700
Processing by Api::SessionsController#create as JSON
  Parameters: {"user"=>{"email"=>"qwe", "password"=>"[FILTERED]"}}
  [1m[36mUser Load (0.4ms)[0m  [1m[34mSELECT  "users".* FROM "users" WHERE "users"."username" IS NULL LIMIT $1[0m  [["LIMIT", 1]]
Completed 401 Unauthorized in 2ms (Views: 0.2ms | ActiveRecord: 0.4ms)


Started POST "/api/users" for 127.0.0.1 at 2018-08-03 10:44:09 -0700
Processing by Api::UsersController#create as JSON
  Parameters: {"user"=>{"username"=>"f", "email"=>"f", "password"=>"[FILTERED]"}}
  [1m[35m (0.1ms)[0m  [1m[35mBEGIN[0m
  [1m[36mUser Exists (0.3ms)[0m  [1m[34mSELECT  1 AS one FROM "users" WHERE "users"."username" = $1 LIMIT $2[0m  [["username", "f"], ["LIMIT", 1]]
  [1m[35mSQL (0.3ms)[0m  [1m[32mINSERT INTO "users" ("username", "email", "password_digest", "session_token") VALUES ($1, $2, $3, $4) RETURNING "id"[0m  [["username", "f"], ["email", "f"], ["password_digest", "$2a$10$NO8JHsG8/9nM99gmaH6QmuR4.A3MiKY2EByBhSzTJh5syQxzi1flS"], ["session_token", "3YQ7IXLO2O6N_ufxIWv0Mg"]]
  [1m[35m (1.0ms)[0m  [1m[35mCOMMIT[0m
  Rendering api/users/show.json.jbuilder
  Rendered api/users/show.json.jbuilder (0.4ms)
Completed 200 OK in 70ms (Views: 7.1ms | ActiveRecord: 1.7ms)


Started GET "/api/chirps" for 127.0.0.1 at 2018-08-03 10:44:09 -0700
Processing by Api::ChirpsController#index as JSON
  Rendering api/chirps/index.json.jbuilder
  [1m[36mChirp Load (0.4ms)[0m  [1m[34mSELECT "chirps".* FROM "chirps"[0m
  [1m[35m (0.4ms)[0m  [1m[34mSELECT COUNT(*) FROM "likes" WHERE "likes"."chirp_id" = $1[0m  [["chirp_id", 1]]
  [1m[36mUser Load (0.4ms)[0m  [1m[34mSELECT  "users".* FROM "users" WHERE "users"."session_token" = $1 LIMIT $2[0m  [["session_token", "3YQ7IXLO2O6N_ufxIWv0Mg"], ["LIMIT", 1]]
  [1m[36mLike Load (0.6ms)[0m  [1m[34mSELECT  "likes".* FROM "likes" WHERE "likes"."chirp_id" = $1 AND "likes"."user_id" = $2 LIMIT $3[0m  [["chirp_id", 1], ["user_id", 16], ["LIMIT", 1]]
  Rendered api/chirps/_chirp.json.jbuilder (5.0ms)
  [1m[35m (0.7ms)[0m  [1m[34mSELECT COUNT(*) FROM "likes" WHERE "likes"."chirp_id" = $1[0m  [["chirp_id", 2]]
  [1m[36mLike Load (0.7ms)[0m  [1m[34mSELECT  "likes".* FROM "likes" WHERE "likes"."chirp_id" = $1 AND "likes"."user_id" = $2 LIMIT $3[0m  [["chirp_id", 2], ["user_id", 16], ["LIMIT", 1]]
  Rendered api/chirps/_chirp.json.jbuilder (3.8ms)
  [1m[35m (0.4ms)[0m  [1m[34mSELECT COUNT(*) FROM "likes" WHERE "likes"."chirp_id" = $1[0m  [["chirp_id", 3]]
  [1m[36mLike Load (0.6ms)[0m  [1m[34mSELECT  "likes".* FROM "likes" WHERE "likes"."chirp_id" = $1 AND "likes"."user_id" = $2 LIMIT $3[0m  [["chirp_id", 3], ["user_id", 16], ["LIMIT", 1]]
  Rendered api/chirps/_chirp.json.jbuilder (4.3ms)
  [1m[35m (0.5ms)[0m  [1m[34mSELECT COUNT(*) FROM "likes" WHERE "likes"."chirp_id" = $1[0m  [["chirp_id", 4]]
  [1m[36mLike Load (0.4ms)[0m  [1m[34mSELECT  "likes".* FROM "likes" WHERE "likes"."chirp_id" = $1 AND "likes"."user_id" = $2 LIMIT $3[0m  [["chirp_id", 4], ["user_id", 16], ["LIMIT", 1]]
  Rendered api/chirps/_chirp.json.jbuilder (3.0ms)
  Rendered api/chirps/index.json.jbuilder (23.2ms)
Completed 200 OK in 40ms (Views: 31.8ms | ActiveRecord: 5.1ms)


Started DELETE "/api/session" for 127.0.0.1 at 2018-08-03 10:44:10 -0700
Processing by Api::SessionsController#destroy as JSON
  [1m[36mUser Load (0.4ms)[0m  [1m[34mSELECT  "users".* FROM "users" WHERE "users"."session_token" = $1 LIMIT $2[0m  [["session_token", "3YQ7IXLO2O6N_ufxIWv0Mg"], ["LIMIT", 1]]
  [1m[35m (0.1ms)[0m  [1m[35mBEGIN[0m
  [1m[36mUser Exists (0.5ms)[0m  [1m[34mSELECT  1 AS one FROM "users" WHERE "users"."username" = $1 AND ("users"."id" != $2) LIMIT $3[0m  [["username", "f"], ["id", 16], ["LIMIT", 1]]
  [1m[35mSQL (0.4ms)[0m  [1m[33mUPDATE "users" SET "session_token" = $1 WHERE "users"."id" = $2[0m  [["session_token", "zjhTtSLuOFwEOQFOkMQxxw"], ["id", 16]]
  [1m[35m (1.9ms)[0m  [1m[35mCOMMIT[0m
Completed 200 OK in 8ms (Views: 0.3ms | ActiveRecord: 3.3ms)


Started POST "/api/session" for 127.0.0.1 at 2018-08-03 10:44:13 -0700
Processing by Api::SessionsController#create as JSON
  Parameters: {"user"=>{"email"=>"f", "password"=>"[FILTERED]"}}
  [1m[36mUser Load (0.4ms)[0m  [1m[34mSELECT  "users".* FROM "users" WHERE "users"."username" IS NULL LIMIT $1[0m  [["LIMIT", 1]]
Completed 401 Unauthorized in 2ms (Views: 0.1ms | ActiveRecord: 0.4ms)


Started POST "/api/session" for 127.0.0.1 at 2018-08-03 10:44:14 -0700
Processing by Api::SessionsController#create as JSON
  Parameters: {"user"=>{"email"=>"f", "password"=>"[FILTERED]"}}
  [1m[36mUser Load (0.3ms)[0m  [1m[34mSELECT  "users".* FROM "users" WHERE "users"."username" IS NULL LIMIT $1[0m  [["LIMIT", 1]]
Completed 401 Unauthorized in 2ms (Views: 0.1ms | ActiveRecord: 0.3ms)


Started POST "/api/session" for 127.0.0.1 at 2018-08-03 10:44:14 -0700
Processing by Api::SessionsController#create as JSON
  Parameters: {"user"=>{"email"=>"f", "password"=>"[FILTERED]"}}
  [1m[36mUser Load (0.4ms)[0m  [1m[34mSELECT  "users".* FROM "users" WHERE "users"."username" IS NULL LIMIT $1[0m  [["LIMIT", 1]]
Completed 401 Unauthorized in 2ms (Views: 0.1ms | ActiveRecord: 0.4ms)


Started POST "/api/session" for 127.0.0.1 at 2018-08-03 10:44:14 -0700
Processing by Api::SessionsController#create as JSON
  Parameters: {"user"=>{"email"=>"f", "password"=>"[FILTERED]"}}
  [1m[36mUser Load (0.4ms)[0m  [1m[34mSELECT  "users".* FROM "users" WHERE "users"."username" IS NULL LIMIT $1[0m  [["LIMIT", 1]]
Completed 401 Unauthorized in 2ms (Views: 0.2ms | ActiveRecord: 0.4ms)


Started POST "/api/session" for 127.0.0.1 at 2018-08-03 10:44:14 -0700
Processing by Api::SessionsController#create as JSON
  Parameters: {"user"=>{"email"=>"f", "password"=>"[FILTERED]"}}
  [1m[36mUser Load (0.5ms)[0m  [1m[34mSELECT  "users".* FROM "users" WHERE "users"."username" IS NULL LIMIT $1[0m  [["LIMIT", 1]]
Completed 401 Unauthorized in 2ms (Views: 0.2ms | ActiveRecord: 0.5ms)


Started POST "/api/session" for 127.0.0.1 at 2018-08-03 10:44:15 -0700
Processing by Api::SessionsController#create as JSON
  Parameters: {"user"=>{"email"=>"f", "password"=>"[FILTERED]"}}
  [1m[36mUser Load (0.4ms)[0m  [1m[34mSELECT  "users".* FROM "users" WHERE "users"."username" IS NULL LIMIT $1[0m  [["LIMIT", 1]]
Completed 401 Unauthorized in 2ms (Views: 0.2ms | ActiveRecord: 0.4ms)


Started POST "/api/session" for 127.0.0.1 at 2018-08-03 10:44:17 -0700
Processing by Api::SessionsController#create as JSON
  Parameters: {"user"=>{"email"=>"f", "password"=>"[FILTERED]"}}
  [1m[36mUser Load (0.4ms)[0m  [1m[34mSELECT  "users".* FROM "users" WHERE "users"."username" IS NULL LIMIT $1[0m  [["LIMIT", 1]]
Completed 401 Unauthorized in 2ms (Views: 0.1ms | ActiveRecord: 0.4ms)


Started POST "/api/session" for 127.0.0.1 at 2018-08-03 10:44:17 -0700
Processing by Api::SessionsController#create as JSON
  Parameters: {"user"=>{"email"=>"f", "password"=>"[FILTERED]"}}
  [1m[36mUser Load (0.4ms)[0m  [1m[34mSELECT  "users".* FROM "users" WHERE "users"."username" IS NULL LIMIT $1[0m  [["LIMIT", 1]]
Completed 401 Unauthorized in 2ms (Views: 0.1ms | ActiveRecord: 0.4ms)


Started GET "/" for 127.0.0.1 at 2018-08-03 10:46:54 -0700
Processing by RootController#root as HTML
  Rendering root/root.html.erb within layouts/application
  Rendered root/root.html.erb within layouts/application (0.3ms)
Completed 200 OK in 292ms (Views: 288.9ms | ActiveRecord: 0.0ms)


Started POST "/api/session" for 127.0.0.1 at 2018-08-03 10:54:03 -0700
Processing by Api::SessionsController#create as JSON
  Parameters: {"user"=>{"email"=>"f", "password"=>"[FILTERED]"}}
  [1m[36mUser Load (0.4ms)[0m  [1m[34mSELECT  "users".* FROM "users" WHERE "users"."username" IS NULL LIMIT $1[0m  [["LIMIT", 1]]
Completed 401 Unauthorized in 2ms (Views: 0.2ms | ActiveRecord: 0.4ms)


Started GET "/" for 127.0.0.1 at 2018-08-03 10:54:20 -0700
Processing by RootController#root as HTML
  Rendering root/root.html.erb within layouts/application
  Rendered root/root.html.erb within layouts/application (0.3ms)
Completed 200 OK in 280ms (Views: 274.5ms | ActiveRecord: 0.0ms)


Started POST "/api/session" for 127.0.0.1 at 2018-08-03 10:54:25 -0700
Processing by Api::SessionsController#create as JSON
  Parameters: {"user"=>{"email"=>"f", "password"=>"[FILTERED]"}}
  [1m[36mUser Load (0.4ms)[0m  [1m[34mSELECT  "users".* FROM "users" WHERE "users"."username" IS NULL LIMIT $1[0m  [["LIMIT", 1]]
Completed 401 Unauthorized in 2ms (Views: 0.2ms | ActiveRecord: 0.4ms)


Started GET "/" for 127.0.0.1 at 2018-08-03 10:55:04 -0700
Processing by RootController#root as HTML
  Rendering root/root.html.erb within layouts/application
  Rendered root/root.html.erb within layouts/application (0.3ms)
Completed 200 OK in 263ms (Views: 260.3ms | ActiveRecord: 0.0ms)


Started POST "/api/session" for 127.0.0.1 at 2018-08-03 10:55:30 -0700
Processing by Api::SessionsController#create as JSON
  Parameters: {"user"=>{"email"=>"f", "password"=>"[FILTERED]"}}
  [1m[36mUser Load (0.4ms)[0m  [1m[34mSELECT  "users".* FROM "users" WHERE "users"."username" IS NULL LIMIT $1[0m  [["LIMIT", 1]]
Completed 401 Unauthorized in 2ms (Views: 0.3ms | ActiveRecord: 0.4ms)


Started POST "/api/session" for 127.0.0.1 at 2018-08-03 10:55:51 -0700
Processing by Api::SessionsController#create as JSON
  Parameters: {"user"=>{"email"=>"f", "password"=>"[FILTERED]"}}
  [1m[36mUser Load (0.5ms)[0m  [1m[34mSELECT  "users".* FROM "users" WHERE "users"."username" IS NULL LIMIT $1[0m  [["LIMIT", 1]]
Completed 401 Unauthorized in 2ms (Views: 0.2ms | ActiveRecord: 0.5ms)


Started POST "/api/session" for 127.0.0.1 at 2018-08-03 10:55:55 -0700
Processing by Api::SessionsController#create as JSON
  Parameters: {"user"=>{"email"=>"f", "password"=>"[FILTERED]"}}
  [1m[36mUser Load (0.5ms)[0m  [1m[34mSELECT  "users".* FROM "users" WHERE "users"."username" IS NULL LIMIT $1[0m  [["LIMIT", 1]]
Completed 401 Unauthorized in 2ms (Views: 0.2ms | ActiveRecord: 0.5ms)


Started POST "/api/session" for 127.0.0.1 at 2018-08-03 10:56:20 -0700
Processing by Api::SessionsController#create as JSON
  Parameters: {"user"=>{"email"=>"f", "password"=>"[FILTERED]"}}
  [1m[36mUser Load (0.4ms)[0m  [1m[34mSELECT  "users".* FROM "users" WHERE "users"."username" IS NULL LIMIT $1[0m  [["LIMIT", 1]]
Completed 401 Unauthorized in 2ms (Views: 0.2ms | ActiveRecord: 0.4ms)


Started POST "/api/session" for 127.0.0.1 at 2018-08-03 10:56:49 -0700
Processing by Api::SessionsController#create as JSON
  Parameters: {"user"=>{"email"=>"f", "password"=>"[FILTERED]"}}
  [1m[36mUser Load (0.4ms)[0m  [1m[34mSELECT  "users".* FROM "users" WHERE "users"."username" IS NULL LIMIT $1[0m  [["LIMIT", 1]]
Completed 401 Unauthorized in 2ms (Views: 0.2ms | ActiveRecord: 0.4ms)


Started GET "/" for 127.0.0.1 at 2018-08-03 10:57:38 -0700
Processing by RootController#root as HTML
  Rendering root/root.html.erb within layouts/application
  Rendered root/root.html.erb within layouts/application (0.3ms)
Completed 200 OK in 276ms (Views: 274.1ms | ActiveRecord: 0.0ms)


Started POST "/api/session" for 127.0.0.1 at 2018-08-03 10:57:41 -0700
Processing by Api::SessionsController#create as JSON
  Parameters: {"user"=>{"username"=>"f", "password"=>"[FILTERED]"}}
  [1m[36mUser Load (0.3ms)[0m  [1m[34mSELECT  "users".* FROM "users" WHERE "users"."username" = $1 LIMIT $2[0m  [["username", "f"], ["LIMIT", 1]]
  Rendering api/users/show.json.jbuilder
  Rendered api/users/show.json.jbuilder (0.4ms)
Completed 200 OK in 66ms (Views: 7.4ms | ActiveRecord: 0.3ms)


Started GET "/api/chirps" for 127.0.0.1 at 2018-08-03 10:57:46 -0700
Processing by Api::ChirpsController#index as JSON
  Rendering api/chirps/index.json.jbuilder
  [1m[36mChirp Load (0.3ms)[0m  [1m[34mSELECT "chirps".* FROM "chirps"[0m
  [1m[35m (0.4ms)[0m  [1m[34mSELECT COUNT(*) FROM "likes" WHERE "likes"."chirp_id" = $1[0m  [["chirp_id", 1]]
  [1m[36mUser Load (0.4ms)[0m  [1m[34mSELECT  "users".* FROM "users" WHERE "users"."session_token" = $1 LIMIT $2[0m  [["session_token", "zjhTtSLuOFwEOQFOkMQxxw"], ["LIMIT", 1]]
  [1m[36mLike Load (0.4ms)[0m  [1m[34mSELECT  "likes".* FROM "likes" WHERE "likes"."chirp_id" = $1 AND "likes"."user_id" = $2 LIMIT $3[0m  [["chirp_id", 1], ["user_id", 16], ["LIMIT", 1]]
  Rendered api/chirps/_chirp.json.jbuilder (4.2ms)
  [1m[35m (0.4ms)[0m  [1m[34mSELECT COUNT(*) FROM "likes" WHERE "likes"."chirp_id" = $1[0m  [["chirp_id", 2]]
  [1m[36mLike Load (0.7ms)[0m  [1m[34mSELECT  "likes".* FROM "likes" WHERE "likes"."chirp_id" = $1 AND "likes"."user_id" = $2 LIMIT $3[0m  [["chirp_id", 2], ["user_id", 16], ["LIMIT", 1]]
  Rendered api/chirps/_chirp.json.jbuilder (3.3ms)
  [1m[35m (0.7ms)[0m  [1m[34mSELECT COUNT(*) FROM "likes" WHERE "likes"."chirp_id" = $1[0m  [["chirp_id", 3]]
  [1m[36mLike Load (0.4ms)[0m  [1m[34mSELECT  "likes".* FROM "likes" WHERE "likes"."chirp_id" = $1 AND "likes"."user_id" = $2 LIMIT $3[0m  [["chirp_id", 3], ["user_id", 16], ["LIMIT", 1]]
  Rendered api/chirps/_chirp.json.jbuilder (3.0ms)
  [1m[35m (0.4ms)[0m  [1m[34mSELECT COUNT(*) FROM "likes" WHERE "likes"."chirp_id" = $1[0m  [["chirp_id", 4]]
  [1m[36mLike Load (0.4ms)[0m  [1m[34mSELECT  "likes".* FROM "likes" WHERE "likes"."chirp_id" = $1 AND "likes"."user_id" = $2 LIMIT $3[0m  [["chirp_id", 4], ["user_id", 16], ["LIMIT", 1]]
  Rendered api/chirps/_chirp.json.jbuilder (2.6ms)
  Rendered api/chirps/index.json.jbuilder (18.7ms)
Completed 200 OK in 31ms (Views: 22.5ms | ActiveRecord: 4.6ms)


Started POST "/api/likes" for 127.0.0.1 at 2018-08-03 10:57:47 -0700
Processing by Api::LikesController#create as JSON
  Parameters: {"id"=>"1"}
  [1m[36mUser Load (0.3ms)[0m  [1m[34mSELECT  "users".* FROM "users" WHERE "users"."session_token" = $1 LIMIT $2[0m  [["session_token", "zjhTtSLuOFwEOQFOkMQxxw"], ["LIMIT", 1]]
  [1m[35m (0.1ms)[0m  [1m[35mBEGIN[0m
  [1m[36mChirp Load (0.2ms)[0m  [1m[34mSELECT  "chirps".* FROM "chirps" WHERE "chirps"."id" = $1 LIMIT $2[0m  [["id", 1], ["LIMIT", 1]]
  [1m[36mUser Load (0.3ms)[0m  [1m[34mSELECT  "users".* FROM "users" WHERE "users"."id" = $1 LIMIT $2[0m  [["id", 16], ["LIMIT", 1]]
  [1m[35mSQL (0.4ms)[0m  [1m[32mINSERT INTO "likes" ("user_id", "chirp_id", "created_at", "updated_at") VALUES ($1, $2, $3, $4) RETURNING "id"[0m  [["user_id", 16], ["chirp_id", 1], ["created_at", "2018-08-03 17:57:47.736714"], ["updated_at", "2018-08-03 17:57:47.736714"]]
  [1m[35m (3.7ms)[0m  [1m[35mCOMMIT[0m
  Rendering api/chirps/show.json.jbuilder
  [1m[35m (0.4ms)[0m  [1m[34mSELECT COUNT(*) FROM "likes" WHERE "likes"."chirp_id" = $1[0m  [["chirp_id", 1]]
  [1m[36mLike Load (0.4ms)[0m  [1m[34mSELECT  "likes".* FROM "likes" WHERE "likes"."chirp_id" = $1 AND "likes"."user_id" = $2 LIMIT $3[0m  [["chirp_id", 1], ["user_id", 16], ["LIMIT", 1]]
  Rendered api/chirps/_chirp.json.jbuilder (2.7ms)
  Rendered api/chirps/show.json.jbuilder (3.9ms)
Completed 200 OK in 21ms (Views: 10.3ms | ActiveRecord: 5.7ms)


Started DELETE "/api/likes" for 127.0.0.1 at 2018-08-03 10:57:48 -0700
Processing by Api::LikesController#destroy as JSON
  Parameters: {"id"=>"1"}
  [1m[36mUser Load (0.2ms)[0m  [1m[34mSELECT  "users".* FROM "users" WHERE "users"."session_token" = $1 LIMIT $2[0m  [["session_token", "zjhTtSLuOFwEOQFOkMQxxw"], ["LIMIT", 1]]
  [1m[36mLike Load (0.3ms)[0m  [1m[34mSELECT  "likes".* FROM "likes" WHERE "likes"."user_id" = $1 AND "likes"."chirp_id" = $2 LIMIT $3[0m  [["user_id", 16], ["chirp_id", 1], ["LIMIT", 1]]
  [1m[35m (0.1ms)[0m  [1m[35mBEGIN[0m
  [1m[35mSQL (0.3ms)[0m  [1m[31mDELETE FROM "likes" WHERE "likes"."id" = $1[0m  [["id", 14]]
  [1m[35m (1.9ms)[0m  [1m[35mCOMMIT[0m
  [1m[36mChirp Load (0.3ms)[0m  [1m[34mSELECT  "chirps".* FROM "chirps" WHERE "chirps"."id" = $1 LIMIT $2[0m  [["id", 1], ["LIMIT", 1]]
  Rendering api/chirps/show.json.jbuilder
  [1m[35m (0.5ms)[0m  [1m[34mSELECT COUNT(*) FROM "likes" WHERE "likes"."chirp_id" = $1[0m  [["chirp_id", 1]]
  [1m[36mLike Load (0.3ms)[0m  [1m[34mSELECT  "likes".* FROM "likes" WHERE "likes"."chirp_id" = $1 AND "likes"."user_id" = $2 LIMIT $3[0m  [["chirp_id", 1], ["user_id", 16], ["LIMIT", 1]]
  Rendered api/chirps/_chirp.json.jbuilder (2.5ms)
  Rendered api/chirps/show.json.jbuilder (3.6ms)
Completed 200 OK in 18ms (Views: 10.3ms | ActiveRecord: 3.9ms)


Started POST "/api/likes" for 127.0.0.1 at 2018-08-03 10:57:48 -0700
Processing by Api::LikesController#create as JSON
  Parameters: {"id"=>"1"}
  [1m[36mUser Load (0.3ms)[0m  [1m[34mSELECT  "users".* FROM "users" WHERE "users"."session_token" = $1 LIMIT $2[0m  [["session_token", "zjhTtSLuOFwEOQFOkMQxxw"], ["LIMIT", 1]]
  [1m[35m (0.2ms)[0m  [1m[35mBEGIN[0m
  [1m[36mChirp Load (0.2ms)[0m  [1m[34mSELECT  "chirps".* FROM "chirps" WHERE "chirps"."id" = $1 LIMIT $2[0m  [["id", 1], ["LIMIT", 1]]
  [1m[36mUser Load (0.3ms)[0m  [1m[34mSELECT  "users".* FROM "users" WHERE "users"."id" = $1 LIMIT $2[0m  [["id", 16], ["LIMIT", 1]]
  [1m[35mSQL (0.3ms)[0m  [1m[32mINSERT INTO "likes" ("user_id", "chirp_id", "created_at", "updated_at") VALUES ($1, $2, $3, $4) RETURNING "id"[0m  [["user_id", 16], ["chirp_id", 1], ["created_at", "2018-08-03 17:57:48.797339"], ["updated_at", "2018-08-03 17:57:48.797339"]]
  [1m[35m (1.9ms)[0m  [1m[35mCOMMIT[0m
  Rendering api/chirps/show.json.jbuilder
  [1m[35m (0.4ms)[0m  [1m[34mSELECT COUNT(*) FROM "likes" WHERE "likes"."chirp_id" = $1[0m  [["chirp_id", 1]]
  [1m[36mLike Load (0.3ms)[0m  [1m[34mSELECT  "likes".* FROM "likes" WHERE "likes"."chirp_id" = $1 AND "likes"."user_id" = $2 LIMIT $3[0m  [["chirp_id", 1], ["user_id", 16], ["LIMIT", 1]]
  Rendered api/chirps/_chirp.json.jbuilder (2.5ms)
  Rendered api/chirps/show.json.jbuilder (3.8ms)
Completed 200 OK in 21ms (Views: 11.2ms | ActiveRecord: 3.9ms)


Started DELETE "/api/session" for 127.0.0.1 at 2018-08-03 10:57:49 -0700
Processing by Api::SessionsController#destroy as JSON
  [1m[36mUser Load (0.5ms)[0m  [1m[34mSELECT  "users".* FROM "users" WHERE "users"."session_token" = $1 LIMIT $2[0m  [["session_token", "zjhTtSLuOFwEOQFOkMQxxw"], ["LIMIT", 1]]
  [1m[35m (0.3ms)[0m  [1m[35mBEGIN[0m
  [1m[36mUser Exists (0.8ms)[0m  [1m[34mSELECT  1 AS one FROM "users" WHERE "users"."username" = $1 AND ("users"."id" != $2) LIMIT $3[0m  [["username", "f"], ["id", 16], ["LIMIT", 1]]
  [1m[35mSQL (1.1ms)[0m  [1m[33mUPDATE "users" SET "session_token" = $1 WHERE "users"."id" = $2[0m  [["session_token", "66ARcP3Kzkdpbe7lm36TCw"], ["id", 16]]
  [1m[35m (1.9ms)[0m  [1m[35mCOMMIT[0m
Completed 200 OK in 13ms (Views: 0.4ms | ActiveRecord: 4.7ms)


